Info    2019-07-01 12:24:07  DevID:MV-CA016-10UC(00D27551311)  Source-Line:libMvCameraControl.so(CInterfaceManager.cpp-L0810)     Description:Current dynamic library path[/opt/MVS/lib/aarch64/libMvCameraControl.so]     Solution:
Info    2019-07-01 12:24:07  DevID:MV-CA016-10UC(00D27551311)  Source-Line:libMvCameraControl.so(CInterfaceManager.cpp-L0814)     Description:[MV_CC_CreateHandle] return[0x0]     Solution:
Info    2019-07-01 12:24:07  DevID:MV-CA016-10UC(00D27551311)  Source-Line:libMvCameraControl.so(CInterfaceManager.cpp-L5906)     Description:CamCtrl[0x3000006], U3V SDKVersion[0x3000006], DriverVersion[0x0]     Solution:
Info    2019-07-01 12:24:07  DevID:MV-CA016-10UC(00D27551311)  Source-Line:libMvCameraControl.so(CInterfaceManager.cpp-L3992)     Description:[MV_CC_InvalidateNodes] return[0x0]     Solution:
Info    2019-07-01 12:24:07  DevID:MV-CA016-10UC(00D27551311)  Source-Line:libMvCameraControl.so(CInterfaceManager.cpp-L1088)     Description:[MV_CC_OpenDevice] nPrivilegeMode[1], nSwitchoverKey[0], return[0x0]     Solution:
Info    2019-07-01 12:24:07  DevID:MV-CA016-10UC(00D27551311)  Source-Line:libMvCameraControl.so(CInterfaceManager.cpp-L1623)     Description:U3V, DeviceModelName[MV-CA016-10UC], DeviceFirmwareVersion[V1.4.8 181031,18053001], DeviceMaxThroughput[47185920]     Solution:
Info    2019-07-01 12:24:07  DevID:MV-CA016-10UC(00D27551311)  Source-Line:libMvCameraControl.so(CInterfaceManager.cpp-L1628)     Description:U3V, Width[1440], Height[1080], OffsetX[0], OffsetY[0], PixelFormat[0x2180014], AcquisitionMode[2]     Solution:
Info    2019-07-01 12:24:07  DevID:MV-CA016-10UC(00D27551311)  Source-Line:libMvCameraControl.so(CInterfaceManager.cpp-L1633)     Description:U3V, TriggerMode[0], ResultingFrameRate[10.11], ExposureTime[10000.00], ExposureAuto[0], PayloadSize[4665600]     Solution:
Info    2019-07-01 12:24:07  DevID:MV-CA016-10UC(00D27551311)  Source-Line:libMvCameraControl.so(CInterfaceManager.cpp-L5564)     Description:CamCtrl RecvThread Start, ThreadId[-1686113792]     Solution:
Info    2019-07-01 12:24:07  DevID:MV-CA016-10UC(00D27551311)  Source-Line:libMvCameraControl.so(CInterfaceManager.cpp-L1712)     Description:There is no registration callback     Solution:
Info    2019-07-01 12:24:07  DevID:MV-CA016-10UC(00D27551311)  Source-Line:libMvCameraControl.so(CInterfaceManager.cpp-L5390)     Description:CamCtrl Display Thread Start, ThreadId[-1694502400]     Solution:
Info    2019-07-01 12:24:07  DevID:MV-CA016-10UC(00D27551311)  Source-Line:libMvCameraControl.so(CInterfaceManager.cpp-L1717)     Description:[MV_CC_StartGrabbing] return[0x0]     Solution:
Info    2019-07-01 12:24:08  DevID:MV-CA016-10UC(00D27551311)  Source-Line:libMvCameraControl.so(CInterfaceManager.cpp-L1801)     Description:[StopGrabbing] return[0x0]     Solution:
Info    2019-07-01 12:24:08  DevID:MV-CA016-10UC(00D27551311)  Source-Line:libMvCameraControl.so(CInterfaceManager.cpp-L5739)     Description:RecvThread Process Exit     Solution:
Info    2019-07-01 12:24:08  DevID:MV-CA016-10UC(00D27551311)  Source-Line:libMvCameraControl.so(CInterfaceManager.cpp-L5547)     Description:Display process exit     Solution:
Info    2019-07-01 12:24:09  DevID:MV-CA016-10UC(00D27551311)  Source-Line:libMvCameraControl.so(CInterfaceManager.cpp-L1169)     Description:[CloseDevice] return[0x0]     Solution:
Info    2019-07-01 12:24:09  DevID:MV-CA016-10UC(00D27551311)  Source-Line:libMvCameraControl.so(CInterfaceManager.cpp-L0830)     Description:[MV_CC_DestroyHandle] return[0x0]     Solution:
Info    2019-07-01 12:27:00  DevID:MV-CA016-10UC(00D27551311)  Source-Line:libMvCameraControl.so(CInterfaceManager.cpp-L0810)     Description:Current dynamic library path[/opt/MVS/lib/aarch64/libMvCameraControl.so]     Solution:
Info    2019-07-01 12:27:00  DevID:MV-CA016-10UC(00D27551311)  Source-Line:libMvCameraControl.so(CInterfaceManager.cpp-L0814)     Description:[MV_CC_CreateHandle] return[0x0]     Solution:
Info    2019-07-01 12:27:00  DevID:MV-CA016-10UC(00D27551311)  Source-Line:libMvCameraControl.so(CInterfaceManager.cpp-L5906)     Description:CamCtrl[0x3000006], U3V SDKVersion[0x3000006], DriverVersion[0x0]     Solution:
Info    2019-07-01 12:27:00  DevID:MV-CA016-10UC(00D27551311)  Source-Line:libMvCameraControl.so(CInterfaceManager.cpp-L3992)     Description:[MV_CC_InvalidateNodes] return[0x0]     Solution:
Info    2019-07-01 12:27:00  DevID:MV-CA016-10UC(00D27551311)  Source-Line:libMvCameraControl.so(CInterfaceManager.cpp-L1088)     Description:[MV_CC_OpenDevice] nPrivilegeMode[1], nSwitchoverKey[0], return[0x0]     Solution:
Info    2019-07-01 12:27:00  DevID:MV-CA016-10UC(00D27551311)  Source-Line:libMvCameraControl.so(CInterfaceManager.cpp-L1623)     Description:U3V, DeviceModelName[MV-CA016-10UC], DeviceFirmwareVersion[V1.4.8 181031,18053001], DeviceMaxThroughput[47185920]     Solution:
Info    2019-07-01 12:27:00  DevID:MV-CA016-10UC(00D27551311)  Source-Line:libMvCameraControl.so(CInterfaceManager.cpp-L1628)     Description:U3V, Width[1440], Height[1080], OffsetX[0], OffsetY[0], PixelFormat[0x2180014], AcquisitionMode[2]     Solution:
Info    2019-07-01 12:27:00  DevID:MV-CA016-10UC(00D27551311)  Source-Line:libMvCameraControl.so(CInterfaceManager.cpp-L1633)     Description:U3V, TriggerMode[0], ResultingFrameRate[10.11], ExposureTime[10000.00], ExposureAuto[0], PayloadSize[4665600]     Solution:
Info    2019-07-01 12:27:00  DevID:MV-CA016-10UC(00D27551311)  Source-Line:libMvCameraControl.so(CInterfaceManager.cpp-L5564)     Description:CamCtrl RecvThread Start, ThreadId[1231790592]     Solution:
Info    2019-07-01 12:27:00  DevID:MV-CA016-10UC(00D27551311)  Source-Line:libMvCameraControl.so(CInterfaceManager.cpp-L1712)     Description:There is no registration callback     Solution:
Info    2019-07-01 12:27:00  DevID:MV-CA016-10UC(00D27551311)  Source-Line:libMvCameraControl.so(CInterfaceManager.cpp-L5390)     Description:CamCtrl Display Thread Start, ThreadId[1223401984]     Solution:
Info    2019-07-01 12:27:00  DevID:MV-CA016-10UC(00D27551311)  Source-Line:libMvCameraControl.so(CInterfaceManager.cpp-L1717)     Description:[MV_CC_StartGrabbing] return[0x0]     Solution:
Info    2019-07-01 12:30:20  DevID:MV-CA016-10UC(00D27551311)  Source-Line:libMvCameraControl.so(CInterfaceManager.cpp-L0810)     Description:Current dynamic library path[/opt/MVS/lib/aarch64/libMvCameraControl.so]     Solution:
Info    2019-07-01 12:30:20  DevID:MV-CA016-10UC(00D27551311)  Source-Line:libMvCameraControl.so(CInterfaceManager.cpp-L0814)     Description:[MV_CC_CreateHandle] return[0x0]     Solution:
Info    2019-07-01 12:30:20  DevID:MV-CA016-10UC(00D27551311)  Source-Line:libMvCameraControl.so(CInterfaceManager.cpp-L5906)     Description:CamCtrl[0x3000006], U3V SDKVersion[0x3000006], DriverVersion[0x0]     Solution:
Info    2019-07-01 12:30:21  DevID:MV-CA016-10UC(00D27551311)  Source-Line:libMvCameraControl.so(CInterfaceManager.cpp-L3992)     Description:[MV_CC_InvalidateNodes] return[0x0]     Solution:
Info    2019-07-01 12:30:21  DevID:MV-CA016-10UC(00D27551311)  Source-Line:libMvCameraControl.so(CInterfaceManager.cpp-L1088)     Description:[MV_CC_OpenDevice] nPrivilegeMode[1], nSwitchoverKey[0], return[0x0]     Solution:
Info    2019-07-01 12:30:21  DevID:MV-CA016-10UC(00D27551311)  Source-Line:libMvCameraControl.so(CInterfaceManager.cpp-L1623)     Description:U3V, DeviceModelName[MV-CA016-10UC], DeviceFirmwareVersion[V1.4.8 181031,18053001], DeviceMaxThroughput[47185920]     Solution:
Info    2019-07-01 12:30:21  DevID:MV-CA016-10UC(00D27551311)  Source-Line:libMvCameraControl.so(CInterfaceManager.cpp-L1628)     Description:U3V, Width[1440], Height[1080], OffsetX[0], OffsetY[0], PixelFormat[0x2180014], AcquisitionMode[2]     Solution:
Info    2019-07-01 12:30:21  DevID:MV-CA016-10UC(00D27551311)  Source-Line:libMvCameraControl.so(CInterfaceManager.cpp-L1633)     Description:U3V, TriggerMode[0], ResultingFrameRate[10.11], ExposureTime[10000.00], ExposureAuto[0], PayloadSize[4665600]     Solution:
Info    2019-07-01 12:30:21  DevID:MV-CA016-10UC(00D27551311)  Source-Line:libMvCameraControl.so(CInterfaceManager.cpp-L5564)     Description:CamCtrl RecvThread Start, ThreadId[1771811328]     Solution:
Info    2019-07-01 12:30:21  DevID:MV-CA016-10UC(00D27551311)  Source-Line:libMvCameraControl.so(CInterfaceManager.cpp-L1712)     Description:There is no registration callback     Solution:
Info    2019-07-01 12:30:21  DevID:MV-CA016-10UC(00D27551311)  Source-Line:libMvCameraControl.so(CInterfaceManager.cpp-L5390)     Description:CamCtrl Display Thread Start, ThreadId[1763422720]     Solution:
Info    2019-07-01 12:30:21  DevID:MV-CA016-10UC(00D27551311)  Source-Line:libMvCameraControl.so(CInterfaceManager.cpp-L1717)     Description:[MV_CC_StartGrabbing] return[0x0]     Solution:
Info    2019-07-01 12:30:55  DevID:MV-CA016-10UC(00D27551311)  Source-Line:libMvCameraControl.so(CInterfaceManager.cpp-L0810)     Description:Current dynamic library path[/opt/MVS/lib/aarch64/libMvCameraControl.so]     Solution:
Info    2019-07-01 12:30:55  DevID:MV-CA016-10UC(00D27551311)  Source-Line:libMvCameraControl.so(CInterfaceManager.cpp-L0814)     Description:[MV_CC_CreateHandle] return[0x0]     Solution:
Info    2019-07-01 12:30:55  DevID:MV-CA016-10UC(00D27551311)  Source-Line:libMvCameraControl.so(CInterfaceManager.cpp-L5906)     Description:CamCtrl[0x3000006], U3V SDKVersion[0x3000006], DriverVersion[0x0]     Solution:
Info    2019-07-01 12:30:57  DevID:MV-CA016-10UC(00D27551311)  Source-Line:libMvCameraControl.so(CInterfaceManager.cpp-L3992)     Description:[MV_CC_InvalidateNodes] return[0x0]     Solution:
Info    2019-07-01 12:30:57  DevID:MV-CA016-10UC(00D27551311)  Source-Line:libMvCameraControl.so(CInterfaceManager.cpp-L1088)     Description:[MV_CC_OpenDevice] nPrivilegeMode[1], nSwitchoverKey[0], return[0x0]     Solution:
Info    2019-07-01 12:30:57  DevID:MV-CA016-10UC(00D27551311)  Source-Line:libMvCameraControl.so(CInterfaceManager.cpp-L1623)     Description:U3V, DeviceModelName[MV-CA016-10UC], DeviceFirmwareVersion[V1.4.8 181031,18053001], DeviceMaxThroughput[47185920]     Solution:
Info    2019-07-01 12:30:57  DevID:MV-CA016-10UC(00D27551311)  Source-Line:libMvCameraControl.so(CInterfaceManager.cpp-L1628)     Description:U3V, Width[1440], Height[1080], OffsetX[0], OffsetY[0], PixelFormat[0x2180014], AcquisitionMode[2]     Solution:
Info    2019-07-01 12:30:57  DevID:MV-CA016-10UC(00D27551311)  Source-Line:libMvCameraControl.so(CInterfaceManager.cpp-L1633)     Description:U3V, TriggerMode[0], ResultingFrameRate[10.11], ExposureTime[10000.00], ExposureAuto[0], PayloadSize[4665600]     Solution:
Info    2019-07-01 12:30:57  DevID:MV-CA016-10UC(00D27551311)  Source-Line:libMvCameraControl.so(CInterfaceManager.cpp-L5564)     Description:CamCtrl RecvThread Start, ThreadId[1780199936]     Solution:
Info    2019-07-01 12:30:57  DevID:MV-CA016-10UC(00D27551311)  Source-Line:libMvCameraControl.so(CInterfaceManager.cpp-L1712)     Description:There is no registration callback     Solution:
Info    2019-07-01 12:30:57  DevID:MV-CA016-10UC(00D27551311)  Source-Line:libMvCameraControl.so(CInterfaceManager.cpp-L5390)     Description:CamCtrl Display Thread Start, ThreadId[1771811328]     Solution:
Info    2019-07-01 12:30:57  DevID:MV-CA016-10UC(00D27551311)  Source-Line:libMvCameraControl.so(CInterfaceManager.cpp-L1717)     Description:[MV_CC_StartGrabbing] return[0x0]     Solution:
Info    2019-07-01 12:34:43  DevID:MV-CA016-10UC(00D27551311)  Source-Line:libMvCameraControl.so(CInterfaceManager.cpp-L0810)     Description:Current dynamic library path[/opt/MVS/lib/aarch64/libMvCameraControl.so]     Solution:
Info    2019-07-01 12:34:43  DevID:MV-CA016-10UC(00D27551311)  Source-Line:libMvCameraControl.so(CInterfaceManager.cpp-L0814)     Description:[MV_CC_CreateHandle] return[0x0]     Solution:
Info    2019-07-01 12:34:43  DevID:MV-CA016-10UC(00D27551311)  Source-Line:libMvCameraControl.so(CInterfaceManager.cpp-L5906)     Description:CamCtrl[0x3000006], U3V SDKVersion[0x3000006], DriverVersion[0x0]     Solution:
Info    2019-07-01 12:34:45  DevID:MV-CA016-10UC(00D27551311)  Source-Line:libMvCameraControl.so(CInterfaceManager.cpp-L3992)     Description:[MV_CC_InvalidateNodes] return[0x0]     Solution:
Info    2019-07-01 12:34:45  DevID:MV-CA016-10UC(00D27551311)  Source-Line:libMvCameraControl.so(CInterfaceManager.cpp-L1088)     Description:[MV_CC_OpenDevice] nPrivilegeMode[1], nSwitchoverKey[0], return[0x0]     Solution:
Info    2019-07-01 12:34:45  DevID:MV-CA016-10UC(00D27551311)  Source-Line:libMvCameraControl.so(CInterfaceManager.cpp-L1623)     Description:U3V, DeviceModelName[MV-CA016-10UC], DeviceFirmwareVersion[V1.4.8 181031,18053001], DeviceMaxThroughput[47185920]     Solution:
Info    2019-07-01 12:34:45  DevID:MV-CA016-10UC(00D27551311)  Source-Line:libMvCameraControl.so(CInterfaceManager.cpp-L1628)     Description:U3V, Width[1440], Height[1080], OffsetX[0], OffsetY[0], PixelFormat[0x2180014], AcquisitionMode[2]     Solution:
Info    2019-07-01 12:34:45  DevID:MV-CA016-10UC(00D27551311)  Source-Line:libMvCameraControl.so(CInterfaceManager.cpp-L1633)     Description:U3V, TriggerMode[0], ResultingFrameRate[10.11], ExposureTime[10000.00], ExposureAuto[0], PayloadSize[4665600]     Solution:
Info    2019-07-01 12:34:45  DevID:MV-CA016-10UC(00D27551311)  Source-Line:libMvCameraControl.so(CInterfaceManager.cpp-L5564)     Description:CamCtrl RecvThread Start, ThreadId[1180889600]     Solution:
Info    2019-07-01 12:34:45  DevID:MV-CA016-10UC(00D27551311)  Source-Line:libMvCameraControl.so(CInterfaceManager.cpp-L1712)     Description:There is no registration callback     Solution:
Info    2019-07-01 12:34:45  DevID:MV-CA016-10UC(00D27551311)  Source-Line:libMvCameraControl.so(CInterfaceManager.cpp-L5390)     Description:CamCtrl Display Thread Start, ThreadId[1172500992]     Solution:
Info    2019-07-01 12:34:45  DevID:MV-CA016-10UC(00D27551311)  Source-Line:libMvCameraControl.so(CInterfaceManager.cpp-L1717)     Description:[MV_CC_StartGrabbing] return[0x0]     Solution:
Info    2019-07-01 12:39:20  DevID:MV-CA016-10UC(00D27551311)  Source-Line:libMvCameraControl.so(CInterfaceManager.cpp-L0810)     Description:Current dynamic library path[/opt/MVS/lib/aarch64/libMvCameraControl.so]     Solution:
Info    2019-07-01 12:39:20  DevID:MV-CA016-10UC(00D27551311)  Source-Line:libMvCameraControl.so(CInterfaceManager.cpp-L0814)     Description:[MV_CC_CreateHandle] return[0x0]     Solution:
Info    2019-07-01 12:39:20  DevID:MV-CA016-10UC(00D27551311)  Source-Line:libMvCameraControl.so(CInterfaceManager.cpp-L5906)     Description:CamCtrl[0x3000006], U3V SDKVersion[0x3000006], DriverVersion[0x0]     Solution:
Info    2019-07-01 12:39:21  DevID:MV-CA016-10UC(00D27551311)  Source-Line:libMvCameraControl.so(CInterfaceManager.cpp-L3992)     Description:[MV_CC_InvalidateNodes] return[0x0]     Solution:
Info    2019-07-01 12:39:21  DevID:MV-CA016-10UC(00D27551311)  Source-Line:libMvCameraControl.so(CInterfaceManager.cpp-L1088)     Description:[MV_CC_OpenDevice] nPrivilegeMode[1], nSwitchoverKey[0], return[0x0]     Solution:
Info    2019-07-01 12:39:21  DevID:MV-CA016-10UC(00D27551311)  Source-Line:libMvCameraControl.so(CInterfaceManager.cpp-L1623)     Description:U3V, DeviceModelName[MV-CA016-10UC], DeviceFirmwareVersion[V1.4.8 181031,18053001], DeviceMaxThroughput[47185920]     Solution:
Info    2019-07-01 12:39:21  DevID:MV-CA016-10UC(00D27551311)  Source-Line:libMvCameraControl.so(CInterfaceManager.cpp-L1628)     Description:U3V, Width[1440], Height[1080], OffsetX[0], OffsetY[0], PixelFormat[0x2180014], AcquisitionMode[2]     Solution:
Info    2019-07-01 12:39:21  DevID:MV-CA016-10UC(00D27551311)  Source-Line:libMvCameraControl.so(CInterfaceManager.cpp-L1633)     Description:U3V, TriggerMode[0], ResultingFrameRate[10.11], ExposureTime[10000.00], ExposureAuto[0], PayloadSize[4665600]     Solution:
Info    2019-07-01 12:39:21  DevID:MV-CA016-10UC(00D27551311)  Source-Line:libMvCameraControl.so(CInterfaceManager.cpp-L5564)     Description:CamCtrl RecvThread Start, ThreadId[1159442944]     Solution:
Info    2019-07-01 12:39:21  DevID:MV-CA016-10UC(00D27551311)  Source-Line:libMvCameraControl.so(CInterfaceManager.cpp-L1712)     Description:There is no registration callback     Solution:
Info    2019-07-01 12:39:21  DevID:MV-CA016-10UC(00D27551311)  Source-Line:libMvCameraControl.so(CInterfaceManager.cpp-L5390)     Description:CamCtrl Display Thread Start, ThreadId[1151054336]     Solution:
Info    2019-07-01 12:39:21  DevID:MV-CA016-10UC(00D27551311)  Source-Line:libMvCameraControl.so(CInterfaceManager.cpp-L1717)     Description:[MV_CC_StartGrabbing] return[0x0]     Solution:
Info    2019-07-01 12:39:56  DevID:MV-CA016-10UC(00D27551311)  Source-Line:libMvCameraControl.so(CInterfaceManager.cpp-L0810)     Description:Current dynamic library path[/opt/MVS/lib/aarch64/libMvCameraControl.so]     Solution:
Info    2019-07-01 12:39:56  DevID:MV-CA016-10UC(00D27551311)  Source-Line:libMvCameraControl.so(CInterfaceManager.cpp-L0814)     Description:[MV_CC_CreateHandle] return[0x0]     Solution:
Info    2019-07-01 12:39:56  DevID:MV-CA016-10UC(00D27551311)  Source-Line:libMvCameraControl.so(CInterfaceManager.cpp-L5906)     Description:CamCtrl[0x3000006], U3V SDKVersion[0x3000006], DriverVersion[0x0]     Solution:
Info    2019-07-01 12:39:57  DevID:MV-CA016-10UC(00D27551311)  Source-Line:libMvCameraControl.so(CInterfaceManager.cpp-L3992)     Description:[MV_CC_InvalidateNodes] return[0x0]     Solution:
Info    2019-07-01 12:39:57  DevID:MV-CA016-10UC(00D27551311)  Source-Line:libMvCameraControl.so(CInterfaceManager.cpp-L1088)     Description:[MV_CC_OpenDevice] nPrivilegeMode[1], nSwitchoverKey[0], return[0x0]     Solution:
Info    2019-07-01 12:39:57  DevID:MV-CA016-10UC(00D27551311)  Source-Line:libMvCameraControl.so(CInterfaceManager.cpp-L1623)     Description:U3V, DeviceModelName[MV-CA016-10UC], DeviceFirmwareVersion[V1.4.8 181031,18053001], DeviceMaxThroughput[47185920]     Solution:
Info    2019-07-01 12:39:57  DevID:MV-CA016-10UC(00D27551311)  Source-Line:libMvCameraControl.so(CInterfaceManager.cpp-L1628)     Description:U3V, Width[1440], Height[1080], OffsetX[0], OffsetY[0], PixelFormat[0x2180014], AcquisitionMode[2]     Solution:
Info    2019-07-01 12:39:57  DevID:MV-CA016-10UC(00D27551311)  Source-Line:libMvCameraControl.so(CInterfaceManager.cpp-L1633)     Description:U3V, TriggerMode[0], ResultingFrameRate[10.11], ExposureTime[10000.00], ExposureAuto[0], PayloadSize[4665600]     Solution:
Info    2019-07-01 12:39:57  DevID:MV-CA016-10UC(00D27551311)  Source-Line:libMvCameraControl.so(CInterfaceManager.cpp-L5564)     Description:CamCtrl RecvThread Start, ThreadId[971743744]     Solution:
Info    2019-07-01 12:39:57  DevID:MV-CA016-10UC(00D27551311)  Source-Line:libMvCameraControl.so(CInterfaceManager.cpp-L1712)     Description:There is no registration callback     Solution:
Info    2019-07-01 12:39:57  DevID:MV-CA016-10UC(00D27551311)  Source-Line:libMvCameraControl.so(CInterfaceManager.cpp-L5390)     Description:CamCtrl Display Thread Start, ThreadId[963355136]     Solution:
Info    2019-07-01 12:39:57  DevID:MV-CA016-10UC(00D27551311)  Source-Line:libMvCameraControl.so(CInterfaceManager.cpp-L1717)     Description:[MV_CC_StartGrabbing] return[0x0]     Solution:
Info    2019-07-01 12:40:45  DevID:MV-CA016-10UC(00D27551311)  Source-Line:libMvCameraControl.so(CInterfaceManager.cpp-L0810)     Description:Current dynamic library path[/opt/MVS/lib/aarch64/libMvCameraControl.so]     Solution:
Info    2019-07-01 12:40:45  DevID:MV-CA016-10UC(00D27551311)  Source-Line:libMvCameraControl.so(CInterfaceManager.cpp-L0814)     Description:[MV_CC_CreateHandle] return[0x0]     Solution:
Info    2019-07-01 12:40:45  DevID:MV-CA016-10UC(00D27551311)  Source-Line:libMvCameraControl.so(CInterfaceManager.cpp-L5906)     Description:CamCtrl[0x3000006], U3V SDKVersion[0x3000006], DriverVersion[0x0]     Solution:
Info    2019-07-01 12:40:46  DevID:MV-CA016-10UC(00D27551311)  Source-Line:libMvCameraControl.so(CInterfaceManager.cpp-L3992)     Description:[MV_CC_InvalidateNodes] return[0x0]     Solution:
Info    2019-07-01 12:40:46  DevID:MV-CA016-10UC(00D27551311)  Source-Line:libMvCameraControl.so(CInterfaceManager.cpp-L1088)     Description:[MV_CC_OpenDevice] nPrivilegeMode[1], nSwitchoverKey[0], return[0x0]     Solution:
Info    2019-07-01 12:40:47  DevID:MV-CA016-10UC(00D27551311)  Source-Line:libMvCameraControl.so(CInterfaceManager.cpp-L1623)     Description:U3V, DeviceModelName[MV-CA016-10UC], DeviceFirmwareVersion[V1.4.8 181031,18053001], DeviceMaxThroughput[47185920]     Solution:
Info    2019-07-01 12:40:47  DevID:MV-CA016-10UC(00D27551311)  Source-Line:libMvCameraControl.so(CInterfaceManager.cpp-L1628)     Description:U3V, Width[1440], Height[1080], OffsetX[0], OffsetY[0], PixelFormat[0x2180014], AcquisitionMode[2]     Solution:
Info    2019-07-01 12:40:47  DevID:MV-CA016-10UC(00D27551311)  Source-Line:libMvCameraControl.so(CInterfaceManager.cpp-L1633)     Description:U3V, TriggerMode[0], ResultingFrameRate[10.11], ExposureTime[10000.00], ExposureAuto[0], PayloadSize[4665600]     Solution:
Info    2019-07-01 12:40:47  DevID:MV-CA016-10UC(00D27551311)  Source-Line:libMvCameraControl.so(CInterfaceManager.cpp-L5564)     Description:CamCtrl RecvThread Start, ThreadId[1887658496]     Solution:
Info    2019-07-01 12:40:47  DevID:MV-CA016-10UC(00D27551311)  Source-Line:libMvCameraControl.so(CInterfaceManager.cpp-L1712)     Description:There is no registration callback     Solution:
Info    2019-07-01 12:40:47  DevID:MV-CA016-10UC(00D27551311)  Source-Line:libMvCameraControl.so(CInterfaceManager.cpp-L5390)     Description:CamCtrl Display Thread Start, ThreadId[1677718016]     Solution:
Info    2019-07-01 12:40:47  DevID:MV-CA016-10UC(00D27551311)  Source-Line:libMvCameraControl.so(CInterfaceManager.cpp-L1717)     Description:[MV_CC_StartGrabbing] return[0x0]     Solution:
Info    2019-07-01 12:41:23  DevID:MV-CA016-10UC(00D27551311)  Source-Line:libMvCameraControl.so(CInterfaceManager.cpp-L0810)     Description:Current dynamic library path[/opt/MVS/lib/aarch64/libMvCameraControl.so]     Solution:
Info    2019-07-01 12:41:23  DevID:MV-CA016-10UC(00D27551311)  Source-Line:libMvCameraControl.so(CInterfaceManager.cpp-L0814)     Description:[MV_CC_CreateHandle] return[0x0]     Solution:
Info    2019-07-01 12:41:23  DevID:MV-CA016-10UC(00D27551311)  Source-Line:libMvCameraControl.so(CInterfaceManager.cpp-L5906)     Description:CamCtrl[0x3000006], U3V SDKVersion[0x3000006], DriverVersion[0x0]     Solution:
Info    2019-07-01 12:41:24  DevID:MV-CA016-10UC(00D27551311)  Source-Line:libMvCameraControl.so(CInterfaceManager.cpp-L3992)     Description:[MV_CC_InvalidateNodes] return[0x0]     Solution:
Info    2019-07-01 12:41:24  DevID:MV-CA016-10UC(00D27551311)  Source-Line:libMvCameraControl.so(CInterfaceManager.cpp-L1088)     Description:[MV_CC_OpenDevice] nPrivilegeMode[1], nSwitchoverKey[0], return[0x0]     Solution:
Info    2019-07-01 12:41:24  DevID:MV-CA016-10UC(00D27551311)  Source-Line:libMvCameraControl.so(CInterfaceManager.cpp-L1623)     Description:U3V, DeviceModelName[MV-CA016-10UC], DeviceFirmwareVersion[V1.4.8 181031,18053001], DeviceMaxThroughput[47185920]     Solution:
Info    2019-07-01 12:41:24  DevID:MV-CA016-10UC(00D27551311)  Source-Line:libMvCameraControl.so(CInterfaceManager.cpp-L1628)     Description:U3V, Width[1440], Height[1080], OffsetX[0], OffsetY[0], PixelFormat[0x2180014], AcquisitionMode[2]     Solution:
Info    2019-07-01 12:41:24  DevID:MV-CA016-10UC(00D27551311)  Source-Line:libMvCameraControl.so(CInterfaceManager.cpp-L1633)     Description:U3V, TriggerMode[0], ResultingFrameRate[10.11], ExposureTime[10000.00], ExposureAuto[0], PayloadSize[4665600]     Solution:
Info    2019-07-01 12:41:24  DevID:MV-CA016-10UC(00D27551311)  Source-Line:libMvCameraControl.so(CInterfaceManager.cpp-L5564)     Description:CamCtrl RecvThread Start, ThreadId[1727099392]     Solution:
Info    2019-07-01 12:41:24  DevID:MV-CA016-10UC(00D27551311)  Source-Line:libMvCameraControl.so(CInterfaceManager.cpp-L1712)     Description:There is no registration callback     Solution:
Info    2019-07-01 12:41:24  DevID:MV-CA016-10UC(00D27551311)  Source-Line:libMvCameraControl.so(CInterfaceManager.cpp-L5390)     Description:CamCtrl Display Thread Start, ThreadId[1718710784]     Solution:
Info    2019-07-01 12:41:24  DevID:MV-CA016-10UC(00D27551311)  Source-Line:libMvCameraControl.so(CInterfaceManager.cpp-L1717)     Description:[MV_CC_StartGrabbing] return[0x0]     Solution:
Info    2019-07-01 12:42:29  DevID:MV-CA016-10UC(00D27551311)  Source-Line:libMvCameraControl.so(CInterfaceManager.cpp-L0810)     Description:Current dynamic library path[/opt/MVS/lib/aarch64/libMvCameraControl.so]     Solution:
Info    2019-07-01 12:42:29  DevID:MV-CA016-10UC(00D27551311)  Source-Line:libMvCameraControl.so(CInterfaceManager.cpp-L0814)     Description:[MV_CC_CreateHandle] return[0x0]     Solution:
Info    2019-07-01 12:42:29  DevID:MV-CA016-10UC(00D27551311)  Source-Line:libMvCameraControl.so(CInterfaceManager.cpp-L5906)     Description:CamCtrl[0x3000006], U3V SDKVersion[0x3000006], DriverVersion[0x0]     Solution:
Info    2019-07-01 12:42:31  DevID:MV-CA016-10UC(00D27551311)  Source-Line:libMvCameraControl.so(CInterfaceManager.cpp-L3992)     Description:[MV_CC_InvalidateNodes] return[0x0]     Solution:
Info    2019-07-01 12:42:31  DevID:MV-CA016-10UC(00D27551311)  Source-Line:libMvCameraControl.so(CInterfaceManager.cpp-L1088)     Description:[MV_CC_OpenDevice] nPrivilegeMode[1], nSwitchoverKey[0], return[0x0]     Solution:
Info    2019-07-01 12:42:31  DevID:MV-CA016-10UC(00D27551311)  Source-Line:libMvCameraControl.so(CInterfaceManager.cpp-L1623)     Description:U3V, DeviceModelName[MV-CA016-10UC], DeviceFirmwareVersion[V1.4.8 181031,18053001], DeviceMaxThroughput[47185920]     Solution:
Info    2019-07-01 12:42:31  DevID:MV-CA016-10UC(00D27551311)  Source-Line:libMvCameraControl.so(CInterfaceManager.cpp-L1628)     Description:U3V, Width[1440], Height[1080], OffsetX[0], OffsetY[0], PixelFormat[0x2180014], AcquisitionMode[2]     Solution:
Info    2019-07-01 12:42:31  DevID:MV-CA016-10UC(00D27551311)  Source-Line:libMvCameraControl.so(CInterfaceManager.cpp-L1633)     Description:U3V, TriggerMode[0], ResultingFrameRate[10.11], ExposureTime[10000.00], ExposureAuto[0], PayloadSize[4665600]     Solution:
Info    2019-07-01 12:42:31  DevID:MV-CA016-10UC(00D27551311)  Source-Line:libMvCameraControl.so(CInterfaceManager.cpp-L5564)     Description:CamCtrl RecvThread Start, ThreadId[1894490624]     Solution:
Info    2019-07-01 12:42:31  DevID:MV-CA016-10UC(00D27551311)  Source-Line:libMvCameraControl.so(CInterfaceManager.cpp-L1712)     Description:There is no registration callback     Solution:
Info    2019-07-01 12:42:31  DevID:MV-CA016-10UC(00D27551311)  Source-Line:libMvCameraControl.so(CInterfaceManager.cpp-L5390)     Description:CamCtrl Display Thread Start, ThreadId[1677718016]     Solution:
Info    2019-07-01 12:42:31  DevID:MV-CA016-10UC(00D27551311)  Source-Line:libMvCameraControl.so(CInterfaceManager.cpp-L1717)     Description:[MV_CC_StartGrabbing] return[0x0]     Solution:
Info    2019-07-01 12:46:38  DevID:MV-CA016-10UC(00D27551311)  Source-Line:libMvCameraControl.so(CInterfaceManager.cpp-L0810)     Description:Current dynamic library path[/opt/MVS/lib/aarch64/libMvCameraControl.so]     Solution:
Info    2019-07-01 12:46:38  DevID:MV-CA016-10UC(00D27551311)  Source-Line:libMvCameraControl.so(CInterfaceManager.cpp-L0814)     Description:[MV_CC_CreateHandle] return[0x0]     Solution:
Info    2019-07-01 12:46:38  DevID:MV-CA016-10UC(00D27551311)  Source-Line:libMvCameraControl.so(CInterfaceManager.cpp-L5906)     Description:CamCtrl[0x3000006], U3V SDKVersion[0x3000006], DriverVersion[0x0]     Solution:
Info    2019-07-01 12:46:39  DevID:MV-CA016-10UC(00D27551311)  Source-Line:libMvCameraControl.so(CInterfaceManager.cpp-L3992)     Description:[MV_CC_InvalidateNodes] return[0x0]     Solution:
Info    2019-07-01 12:46:39  DevID:MV-CA016-10UC(00D27551311)  Source-Line:libMvCameraControl.so(CInterfaceManager.cpp-L1088)     Description:[MV_CC_OpenDevice] nPrivilegeMode[1], nSwitchoverKey[0], return[0x0]     Solution:
Info    2019-07-01 12:46:39  DevID:MV-CA016-10UC(00D27551311)  Source-Line:libMvCameraControl.so(CInterfaceManager.cpp-L1623)     Description:U3V, DeviceModelName[MV-CA016-10UC], DeviceFirmwareVersion[V1.4.8 181031,18053001], DeviceMaxThroughput[47185920]     Solution:
Info    2019-07-01 12:46:39  DevID:MV-CA016-10UC(00D27551311)  Source-Line:libMvCameraControl.so(CInterfaceManager.cpp-L1628)     Description:U3V, Width[1440], Height[1080], OffsetX[0], OffsetY[0], PixelFormat[0x2180014], AcquisitionMode[2]     Solution:
Info    2019-07-01 12:46:39  DevID:MV-CA016-10UC(00D27551311)  Source-Line:libMvCameraControl.so(CInterfaceManager.cpp-L1633)     Description:U3V, TriggerMode[0], ResultingFrameRate[10.11], ExposureTime[10000.00], ExposureAuto[0], PayloadSize[4665600]     Solution:
Info    2019-07-01 12:46:39  DevID:MV-CA016-10UC(00D27551311)  Source-Line:libMvCameraControl.so(CInterfaceManager.cpp-L5564)     Description:CamCtrl RecvThread Start, ThreadId[850014720]     Solution:
Info    2019-07-01 12:46:39  DevID:MV-CA016-10UC(00D27551311)  Source-Line:libMvCameraControl.so(CInterfaceManager.cpp-L1712)     Description:There is no registration callback     Solution:
Info    2019-07-01 12:46:39  DevID:MV-CA016-10UC(00D27551311)  Source-Line:libMvCameraControl.so(CInterfaceManager.cpp-L5390)     Description:CamCtrl Display Thread Start, ThreadId[841626112]     Solution:
Info    2019-07-01 12:46:39  DevID:MV-CA016-10UC(00D27551311)  Source-Line:libMvCameraControl.so(CInterfaceManager.cpp-L1717)     Description:[MV_CC_StartGrabbing] return[0x0]     Solution:
Info    2019-07-01 12:47:27  DevID:MV-CA016-10UC(00D27551311)  Source-Line:libMvCameraControl.so(CInterfaceManager.cpp-L0810)     Description:Current dynamic library path[/opt/MVS/lib/aarch64/libMvCameraControl.so]     Solution:
Info    2019-07-01 12:47:27  DevID:MV-CA016-10UC(00D27551311)  Source-Line:libMvCameraControl.so(CInterfaceManager.cpp-L0814)     Description:[MV_CC_CreateHandle] return[0x0]     Solution:
Info    2019-07-01 12:47:27  DevID:MV-CA016-10UC(00D27551311)  Source-Line:libMvCameraControl.so(CInterfaceManager.cpp-L5906)     Description:CamCtrl[0x3000006], U3V SDKVersion[0x3000006], DriverVersion[0x0]     Solution:
Info    2019-07-01 12:47:28  DevID:MV-CA016-10UC(00D27551311)  Source-Line:libMvCameraControl.so(CInterfaceManager.cpp-L3992)     Description:[MV_CC_InvalidateNodes] return[0x0]     Solution:
Info    2019-07-01 12:47:28  DevID:MV-CA016-10UC(00D27551311)  Source-Line:libMvCameraControl.so(CInterfaceManager.cpp-L1088)     Description:[MV_CC_OpenDevice] nPrivilegeMode[1], nSwitchoverKey[0], return[0x0]     Solution:
Info    2019-07-01 12:47:28  DevID:MV-CA016-10UC(00D27551311)  Source-Line:libMvCameraControl.so(CInterfaceManager.cpp-L1623)     Description:U3V, DeviceModelName[MV-CA016-10UC], DeviceFirmwareVersion[V1.4.8 181031,18053001], DeviceMaxThroughput[47185920]     Solution:
Info    2019-07-01 12:47:28  DevID:MV-CA016-10UC(00D27551311)  Source-Line:libMvCameraControl.so(CInterfaceManager.cpp-L1628)     Description:U3V, Width[1440], Height[1080], OffsetX[0], OffsetY[0], PixelFormat[0x2180014], AcquisitionMode[2]     Solution:
Info    2019-07-01 12:47:28  DevID:MV-CA016-10UC(00D27551311)  Source-Line:libMvCameraControl.so(CInterfaceManager.cpp-L1633)     Description:U3V, TriggerMode[0], ResultingFrameRate[10.11], ExposureTime[10000.00], ExposureAuto[0], PayloadSize[4665600]     Solution:
Info    2019-07-01 12:47:28  DevID:MV-CA016-10UC(00D27551311)  Source-Line:libMvCameraControl.so(CInterfaceManager.cpp-L5564)     Description:CamCtrl RecvThread Start, ThreadId[845345280]     Solution:
Info    2019-07-01 12:47:28  DevID:MV-CA016-10UC(00D27551311)  Source-Line:libMvCameraControl.so(CInterfaceManager.cpp-L1712)     Description:There is no registration callback     Solution:
Info    2019-07-01 12:47:28  DevID:MV-CA016-10UC(00D27551311)  Source-Line:libMvCameraControl.so(CInterfaceManager.cpp-L5390)     Description:CamCtrl Display Thread Start, ThreadId[836956672]     Solution:
Info    2019-07-01 12:47:28  DevID:MV-CA016-10UC(00D27551311)  Source-Line:libMvCameraControl.so(CInterfaceManager.cpp-L1717)     Description:[MV_CC_StartGrabbing] return[0x0]     Solution:
Info    2019-07-01 12:48:08  DevID:MV-CA016-10UC(00D27551311)  Source-Line:libMvCameraControl.so(CInterfaceManager.cpp-L0810)     Description:Current dynamic library path[/opt/MVS/lib/aarch64/libMvCameraControl.so]     Solution:
Info    2019-07-01 12:48:08  DevID:MV-CA016-10UC(00D27551311)  Source-Line:libMvCameraControl.so(CInterfaceManager.cpp-L0814)     Description:[MV_CC_CreateHandle] return[0x0]     Solution:
Info    2019-07-01 12:48:08  DevID:MV-CA016-10UC(00D27551311)  Source-Line:libMvCameraControl.so(CInterfaceManager.cpp-L5906)     Description:CamCtrl[0x3000006], U3V SDKVersion[0x3000006], DriverVersion[0x0]     Solution:
Info    2019-07-01 12:48:09  DevID:MV-CA016-10UC(00D27551311)  Source-Line:libMvCameraControl.so(CInterfaceManager.cpp-L3992)     Description:[MV_CC_InvalidateNodes] return[0x0]     Solution:
Info    2019-07-01 12:48:09  DevID:MV-CA016-10UC(00D27551311)  Source-Line:libMvCameraControl.so(CInterfaceManager.cpp-L1088)     Description:[MV_CC_OpenDevice] nPrivilegeMode[1], nSwitchoverKey[0], return[0x0]     Solution:
Info    2019-07-01 12:48:09  DevID:MV-CA016-10UC(00D27551311)  Source-Line:libMvCameraControl.so(CInterfaceManager.cpp-L1623)     Description:U3V, DeviceModelName[MV-CA016-10UC], DeviceFirmwareVersion[V1.4.8 181031,18053001], DeviceMaxThroughput[47185920]     Solution:
Info    2019-07-01 12:48:09  DevID:MV-CA016-10UC(00D27551311)  Source-Line:libMvCameraControl.so(CInterfaceManager.cpp-L1628)     Description:U3V, Width[1440], Height[1080], OffsetX[0], OffsetY[0], PixelFormat[0x2180014], AcquisitionMode[2]     Solution:
Info    2019-07-01 12:48:09  DevID:MV-CA016-10UC(00D27551311)  Source-Line:libMvCameraControl.so(CInterfaceManager.cpp-L1633)     Description:U3V, TriggerMode[0], ResultingFrameRate[10.11], ExposureTime[10000.00], ExposureAuto[0], PayloadSize[4665600]     Solution:
Info    2019-07-01 12:48:09  DevID:MV-CA016-10UC(00D27551311)  Source-Line:libMvCameraControl.so(CInterfaceManager.cpp-L5564)     Description:CamCtrl RecvThread Start, ThreadId[1185559040]     Solution:
Info    2019-07-01 12:48:09  DevID:MV-CA016-10UC(00D27551311)  Source-Line:libMvCameraControl.so(CInterfaceManager.cpp-L1712)     Description:There is no registration callback     Solution:
Info    2019-07-01 12:48:09  DevID:MV-CA016-10UC(00D27551311)  Source-Line:libMvCameraControl.so(CInterfaceManager.cpp-L5390)     Description:CamCtrl Display Thread Start, ThreadId[1177170432]     Solution:
Info    2019-07-01 12:48:09  DevID:MV-CA016-10UC(00D27551311)  Source-Line:libMvCameraControl.so(CInterfaceManager.cpp-L1717)     Description:[MV_CC_StartGrabbing] return[0x0]     Solution:
Info    2019-07-01 12:48:38  DevID:MV-CA016-10UC(00D27551311)  Source-Line:libMvCameraControl.so(CInterfaceManager.cpp-L0810)     Description:Current dynamic library path[/opt/MVS/lib/aarch64/libMvCameraControl.so]     Solution:
Info    2019-07-01 12:48:38  DevID:MV-CA016-10UC(00D27551311)  Source-Line:libMvCameraControl.so(CInterfaceManager.cpp-L0814)     Description:[MV_CC_CreateHandle] return[0x0]     Solution:
Info    2019-07-01 12:48:38  DevID:MV-CA016-10UC(00D27551311)  Source-Line:libMvCameraControl.so(CInterfaceManager.cpp-L5906)     Description:CamCtrl[0x3000006], U3V SDKVersion[0x3000006], DriverVersion[0x0]     Solution:
Info    2019-07-01 12:48:42  DevID:MV-CA016-10UC(00D27551311)  Source-Line:libMvCameraControl.so(CInterfaceManager.cpp-L3992)     Description:[MV_CC_InvalidateNodes] return[0x0]     Solution:
Info    2019-07-01 12:48:42  DevID:MV-CA016-10UC(00D27551311)  Source-Line:libMvCameraControl.so(CInterfaceManager.cpp-L1088)     Description:[MV_CC_OpenDevice] nPrivilegeMode[1], nSwitchoverKey[0], return[0x0]     Solution:
Info    2019-07-01 12:48:42  DevID:MV-CA016-10UC(00D27551311)  Source-Line:libMvCameraControl.so(CInterfaceManager.cpp-L1623)     Description:U3V, DeviceModelName[MV-CA016-10UC], DeviceFirmwareVersion[V1.4.8 181031,18053001], DeviceMaxThroughput[47185920]     Solution:
Info    2019-07-01 12:48:42  DevID:MV-CA016-10UC(00D27551311)  Source-Line:libMvCameraControl.so(CInterfaceManager.cpp-L1628)     Description:U3V, Width[1440], Height[1080], OffsetX[0], OffsetY[0], PixelFormat[0x2180014], AcquisitionMode[2]     Solution:
Info    2019-07-01 12:48:42  DevID:MV-CA016-10UC(00D27551311)  Source-Line:libMvCameraControl.so(CInterfaceManager.cpp-L1633)     Description:U3V, TriggerMode[0], ResultingFrameRate[10.11], ExposureTime[10000.00], ExposureAuto[0], PayloadSize[4665600]     Solution:
Info    2019-07-01 12:48:42  DevID:MV-CA016-10UC(00D27551311)  Source-Line:libMvCameraControl.so(CInterfaceManager.cpp-L5564)     Description:CamCtrl RecvThread Start, ThreadId[1436267008]     Solution:
Info    2019-07-01 12:48:42  DevID:MV-CA016-10UC(00D27551311)  Source-Line:libMvCameraControl.so(CInterfaceManager.cpp-L1712)     Description:There is no registration callback     Solution:
Info    2019-07-01 12:48:42  DevID:MV-CA016-10UC(00D27551311)  Source-Line:libMvCameraControl.so(CInterfaceManager.cpp-L5390)     Description:CamCtrl Display Thread Start, ThreadId[1427878400]     Solution:
Info    2019-07-01 12:48:42  DevID:MV-CA016-10UC(00D27551311)  Source-Line:libMvCameraControl.so(CInterfaceManager.cpp-L1717)     Description:[MV_CC_StartGrabbing] return[0x0]     Solution:
Info    2019-07-01 12:49:30  DevID:MV-CA016-10UC(00D27551311)  Source-Line:libMvCameraControl.so(CInterfaceManager.cpp-L0810)     Description:Current dynamic library path[/opt/MVS/lib/aarch64/libMvCameraControl.so]     Solution:
Info    2019-07-01 12:49:30  DevID:MV-CA016-10UC(00D27551311)  Source-Line:libMvCameraControl.so(CInterfaceManager.cpp-L0814)     Description:[MV_CC_CreateHandle] return[0x0]     Solution:
Info    2019-07-01 12:49:30  DevID:MV-CA016-10UC(00D27551311)  Source-Line:libMvCameraControl.so(CInterfaceManager.cpp-L5906)     Description:CamCtrl[0x3000006], U3V SDKVersion[0x3000006], DriverVersion[0x0]     Solution:
Info    2019-07-01 12:49:31  DevID:MV-CA016-10UC(00D27551311)  Source-Line:libMvCameraControl.so(CInterfaceManager.cpp-L3992)     Description:[MV_CC_InvalidateNodes] return[0x0]     Solution:
Info    2019-07-01 12:49:31  DevID:MV-CA016-10UC(00D27551311)  Source-Line:libMvCameraControl.so(CInterfaceManager.cpp-L1088)     Description:[MV_CC_OpenDevice] nPrivilegeMode[1], nSwitchoverKey[0], return[0x0]     Solution:
Info    2019-07-01 12:49:31  DevID:MV-CA016-10UC(00D27551311)  Source-Line:libMvCameraControl.so(CInterfaceManager.cpp-L1623)     Description:U3V, DeviceModelName[MV-CA016-10UC], DeviceFirmwareVersion[V1.4.8 181031,18053001], DeviceMaxThroughput[47185920]     Solution:
Info    2019-07-01 12:49:31  DevID:MV-CA016-10UC(00D27551311)  Source-Line:libMvCameraControl.so(CInterfaceManager.cpp-L1628)     Description:U3V, Width[1440], Height[1080], OffsetX[0], OffsetY[0], PixelFormat[0x2180014], AcquisitionMode[2]     Solution:
Info    2019-07-01 12:49:31  DevID:MV-CA016-10UC(00D27551311)  Source-Line:libMvCameraControl.so(CInterfaceManager.cpp-L1633)     Description:U3V, TriggerMode[0], ResultingFrameRate[10.11], ExposureTime[10000.00], ExposureAuto[0], PayloadSize[4665600]     Solution:
Info    2019-07-01 12:49:31  DevID:MV-CA016-10UC(00D27551311)  Source-Line:libMvCameraControl.so(CInterfaceManager.cpp-L5564)     Description:CamCtrl RecvThread Start, ThreadId[1302049280]     Solution:
Info    2019-07-01 12:49:31  DevID:MV-CA016-10UC(00D27551311)  Source-Line:libMvCameraControl.so(CInterfaceManager.cpp-L1712)     Description:There is no registration callback     Solution:
Info    2019-07-01 12:49:31  DevID:MV-CA016-10UC(00D27551311)  Source-Line:libMvCameraControl.so(CInterfaceManager.cpp-L5390)     Description:CamCtrl Display Thread Start, ThreadId[1293660672]     Solution:
Info    2019-07-01 12:49:31  DevID:MV-CA016-10UC(00D27551311)  Source-Line:libMvCameraControl.so(CInterfaceManager.cpp-L1717)     Description:[MV_CC_StartGrabbing] return[0x0]     Solution:
Info    2019-07-01 12:50:12  DevID:MV-CA016-10UC(00D27551311)  Source-Line:libMvCameraControl.so(CInterfaceManager.cpp-L0810)     Description:Current dynamic library path[/opt/MVS/lib/aarch64/libMvCameraControl.so]     Solution:
Info    2019-07-01 12:50:12  DevID:MV-CA016-10UC(00D27551311)  Source-Line:libMvCameraControl.so(CInterfaceManager.cpp-L0814)     Description:[MV_CC_CreateHandle] return[0x0]     Solution:
Info    2019-07-01 12:50:12  DevID:MV-CA016-10UC(00D27551311)  Source-Line:libMvCameraControl.so(CInterfaceManager.cpp-L5906)     Description:CamCtrl[0x3000006], U3V SDKVersion[0x3000006], DriverVersion[0x0]     Solution:
Info    2019-07-01 12:50:13  DevID:MV-CA016-10UC(00D27551311)  Source-Line:libMvCameraControl.so(CInterfaceManager.cpp-L3992)     Description:[MV_CC_InvalidateNodes] return[0x0]     Solution:
Info    2019-07-01 12:50:13  DevID:MV-CA016-10UC(00D27551311)  Source-Line:libMvCameraControl.so(CInterfaceManager.cpp-L1088)     Description:[MV_CC_OpenDevice] nPrivilegeMode[1], nSwitchoverKey[0], return[0x0]     Solution:
Info    2019-07-01 12:50:13  DevID:MV-CA016-10UC(00D27551311)  Source-Line:libMvCameraControl.so(CInterfaceManager.cpp-L1623)     Description:U3V, DeviceModelName[MV-CA016-10UC], DeviceFirmwareVersion[V1.4.8 181031,18053001], DeviceMaxThroughput[47185920]     Solution:
Info    2019-07-01 12:50:13  DevID:MV-CA016-10UC(00D27551311)  Source-Line:libMvCameraControl.so(CInterfaceManager.cpp-L1628)     Description:U3V, Width[1440], Height[1080], OffsetX[0], OffsetY[0], PixelFormat[0x2180014], AcquisitionMode[2]     Solution:
Info    2019-07-01 12:50:13  DevID:MV-CA016-10UC(00D27551311)  Source-Line:libMvCameraControl.so(CInterfaceManager.cpp-L1633)     Description:U3V, TriggerMode[0], ResultingFrameRate[10.11], ExposureTime[10000.00], ExposureAuto[0], PayloadSize[4665600]     Solution:
Info    2019-07-01 12:50:13  DevID:MV-CA016-10UC(00D27551311)  Source-Line:libMvCameraControl.so(CInterfaceManager.cpp-L5564)     Description:CamCtrl RecvThread Start, ThreadId[939520512]     Solution:
Info    2019-07-01 12:50:13  DevID:MV-CA016-10UC(00D27551311)  Source-Line:libMvCameraControl.so(CInterfaceManager.cpp-L1712)     Description:There is no registration callback     Solution:
Info    2019-07-01 12:50:13  DevID:MV-CA016-10UC(00D27551311)  Source-Line:libMvCameraControl.so(CInterfaceManager.cpp-L5390)     Description:CamCtrl Display Thread Start, ThreadId[931131904]     Solution:
Info    2019-07-01 12:50:13  DevID:MV-CA016-10UC(00D27551311)  Source-Line:libMvCameraControl.so(CInterfaceManager.cpp-L1717)     Description:[MV_CC_StartGrabbing] return[0x0]     Solution:
Info    2019-07-01 12:53:44  DevID:MV-CA016-10UC(00D27551311)  Source-Line:libMvCameraControl.so(CInterfaceManager.cpp-L0810)     Description:Current dynamic library path[/opt/MVS/lib/aarch64/libMvCameraControl.so]     Solution:
Info    2019-07-01 12:53:44  DevID:MV-CA016-10UC(00D27551311)  Source-Line:libMvCameraControl.so(CInterfaceManager.cpp-L0814)     Description:[MV_CC_CreateHandle] return[0x0]     Solution:
Info    2019-07-01 12:53:44  DevID:MV-CA016-10UC(00D27551311)  Source-Line:libMvCameraControl.so(CInterfaceManager.cpp-L5906)     Description:CamCtrl[0x3000006], U3V SDKVersion[0x3000006], DriverVersion[0x0]     Solution:
Info    2019-07-01 12:53:45  DevID:MV-CA016-10UC(00D27551311)  Source-Line:libMvCameraControl.so(CInterfaceManager.cpp-L3992)     Description:[MV_CC_InvalidateNodes] return[0x0]     Solution:
Info    2019-07-01 12:53:45  DevID:MV-CA016-10UC(00D27551311)  Source-Line:libMvCameraControl.so(CInterfaceManager.cpp-L1088)     Description:[MV_CC_OpenDevice] nPrivilegeMode[1], nSwitchoverKey[0], return[0x0]     Solution:
Info    2019-07-01 12:53:45  DevID:MV-CA016-10UC(00D27551311)  Source-Line:libMvCameraControl.so(CInterfaceManager.cpp-L1623)     Description:U3V, DeviceModelName[MV-CA016-10UC], DeviceFirmwareVersion[V1.4.8 181031,18053001], DeviceMaxThroughput[47185920]     Solution:
Info    2019-07-01 12:53:45  DevID:MV-CA016-10UC(00D27551311)  Source-Line:libMvCameraControl.so(CInterfaceManager.cpp-L1628)     Description:U3V, Width[1440], Height[1080], OffsetX[0], OffsetY[0], PixelFormat[0x2180014], AcquisitionMode[2]     Solution:
Info    2019-07-01 12:53:45  DevID:MV-CA016-10UC(00D27551311)  Source-Line:libMvCameraControl.so(CInterfaceManager.cpp-L1633)     Description:U3V, TriggerMode[0], ResultingFrameRate[10.11], ExposureTime[10000.00], ExposureAuto[0], PayloadSize[4665600]     Solution:
Info    2019-07-01 12:53:45  DevID:MV-CA016-10UC(00D27551311)  Source-Line:libMvCameraControl.so(CInterfaceManager.cpp-L5564)     Description:CamCtrl RecvThread Start, ThreadId[1893437952]     Solution:
Info    2019-07-01 12:53:45  DevID:MV-CA016-10UC(00D27551311)  Source-Line:libMvCameraControl.so(CInterfaceManager.cpp-L1712)     Description:There is no registration callback     Solution:
Info    2019-07-01 12:53:45  DevID:MV-CA016-10UC(00D27551311)  Source-Line:libMvCameraControl.so(CInterfaceManager.cpp-L5390)     Description:CamCtrl Display Thread Start, ThreadId[1677718016]     Solution:
Info    2019-07-01 12:53:45  DevID:MV-CA016-10UC(00D27551311)  Source-Line:libMvCameraControl.so(CInterfaceManager.cpp-L1717)     Description:[MV_CC_StartGrabbing] return[0x0]     Solution:
Info    2019-07-01 12:54:10  DevID:MV-CA016-10UC(00D27551311)  Source-Line:libMvCameraControl.so(CInterfaceManager.cpp-L0810)     Description:Current dynamic library path[/opt/MVS/lib/aarch64/libMvCameraControl.so]     Solution:
Info    2019-07-01 12:54:10  DevID:MV-CA016-10UC(00D27551311)  Source-Line:libMvCameraControl.so(CInterfaceManager.cpp-L0814)     Description:[MV_CC_CreateHandle] return[0x0]     Solution:
Info    2019-07-01 12:54:10  DevID:MV-CA016-10UC(00D27551311)  Source-Line:libMvCameraControl.so(CInterfaceManager.cpp-L5906)     Description:CamCtrl[0x3000006], U3V SDKVersion[0x3000006], DriverVersion[0x0]     Solution:
Info    2019-07-01 12:54:14  DevID:MV-CA016-10UC(00D27551311)  Source-Line:libMvCameraControl.so(CInterfaceManager.cpp-L3992)     Description:[MV_CC_InvalidateNodes] return[0x0]     Solution:
Info    2019-07-01 12:54:14  DevID:MV-CA016-10UC(00D27551311)  Source-Line:libMvCameraControl.so(CInterfaceManager.cpp-L1088)     Description:[MV_CC_OpenDevice] nPrivilegeMode[1], nSwitchoverKey[0], return[0x0]     Solution:
Info    2019-07-01 12:54:14  DevID:MV-CA016-10UC(00D27551311)  Source-Line:libMvCameraControl.so(CInterfaceManager.cpp-L1623)     Description:U3V, DeviceModelName[MV-CA016-10UC], DeviceFirmwareVersion[V1.4.8 181031,18053001], DeviceMaxThroughput[47185920]     Solution:
Info    2019-07-01 12:54:14  DevID:MV-CA016-10UC(00D27551311)  Source-Line:libMvCameraControl.so(CInterfaceManager.cpp-L1628)     Description:U3V, Width[1440], Height[1080], OffsetX[0], OffsetY[0], PixelFormat[0x2180014], AcquisitionMode[2]     Solution:
Info    2019-07-01 12:54:14  DevID:MV-CA016-10UC(00D27551311)  Source-Line:libMvCameraControl.so(CInterfaceManager.cpp-L1633)     Description:U3V, TriggerMode[0], ResultingFrameRate[10.11], ExposureTime[10000.00], ExposureAuto[0], PayloadSize[4665600]     Solution:
Info    2019-07-01 12:54:14  DevID:MV-CA016-10UC(00D27551311)  Source-Line:libMvCameraControl.so(CInterfaceManager.cpp-L5564)     Description:CamCtrl RecvThread Start, ThreadId[1199567360]     Solution:
Info    2019-07-01 12:54:14  DevID:MV-CA016-10UC(00D27551311)  Source-Line:libMvCameraControl.so(CInterfaceManager.cpp-L1712)     Description:There is no registration callback     Solution:
Info    2019-07-01 12:54:14  DevID:MV-CA016-10UC(00D27551311)  Source-Line:libMvCameraControl.so(CInterfaceManager.cpp-L5390)     Description:CamCtrl Display Thread Start, ThreadId[1191178752]     Solution:
Info    2019-07-01 12:54:14  DevID:MV-CA016-10UC(00D27551311)  Source-Line:libMvCameraControl.so(CInterfaceManager.cpp-L1717)     Description:[MV_CC_StartGrabbing] return[0x0]     Solution:
Info    2019-07-01 12:56:24  DevID:MV-CA016-10UC(00D27551311)  Source-Line:libMvCameraControl.so(CInterfaceManager.cpp-L0810)     Description:Current dynamic library path[/opt/MVS/lib/aarch64/libMvCameraControl.so]     Solution:
Info    2019-07-01 12:56:24  DevID:MV-CA016-10UC(00D27551311)  Source-Line:libMvCameraControl.so(CInterfaceManager.cpp-L0814)     Description:[MV_CC_CreateHandle] return[0x0]     Solution:
Info    2019-07-01 12:56:24  DevID:MV-CA016-10UC(00D27551311)  Source-Line:libMvCameraControl.so(CInterfaceManager.cpp-L5906)     Description:CamCtrl[0x3000006], U3V SDKVersion[0x3000006], DriverVersion[0x0]     Solution:
Info    2019-07-01 12:56:25  DevID:MV-CA016-10UC(00D27551311)  Source-Line:libMvCameraControl.so(CInterfaceManager.cpp-L3992)     Description:[MV_CC_InvalidateNodes] return[0x0]     Solution:
Info    2019-07-01 12:56:25  DevID:MV-CA016-10UC(00D27551311)  Source-Line:libMvCameraControl.so(CInterfaceManager.cpp-L1088)     Description:[MV_CC_OpenDevice] nPrivilegeMode[1], nSwitchoverKey[0], return[0x0]     Solution:
Info    2019-07-01 12:56:25  DevID:MV-CA016-10UC(00D27551311)  Source-Line:libMvCameraControl.so(CInterfaceManager.cpp-L1623)     Description:U3V, DeviceModelName[MV-CA016-10UC], DeviceFirmwareVersion[V1.4.8 181031,18053001], DeviceMaxThroughput[47185920]     Solution:
Info    2019-07-01 12:56:25  DevID:MV-CA016-10UC(00D27551311)  Source-Line:libMvCameraControl.so(CInterfaceManager.cpp-L1628)     Description:U3V, Width[1440], Height[1080], OffsetX[0], OffsetY[0], PixelFormat[0x2180014], AcquisitionMode[2]     Solution:
Info    2019-07-01 12:56:25  DevID:MV-CA016-10UC(00D27551311)  Source-Line:libMvCameraControl.so(CInterfaceManager.cpp-L1633)     Description:U3V, TriggerMode[0], ResultingFrameRate[10.11], ExposureTime[10000.00], ExposureAuto[0], PayloadSize[4665600]     Solution:
Info    2019-07-01 12:56:25  DevID:MV-CA016-10UC(00D27551311)  Source-Line:libMvCameraControl.so(CInterfaceManager.cpp-L5564)     Description:CamCtrl RecvThread Start, ThreadId[1669329408]     Solution:
Info    2019-07-01 12:56:25  DevID:MV-CA016-10UC(00D27551311)  Source-Line:libMvCameraControl.so(CInterfaceManager.cpp-L1712)     Description:There is no registration callback     Solution:
Info    2019-07-01 12:56:25  DevID:MV-CA016-10UC(00D27551311)  Source-Line:libMvCameraControl.so(CInterfaceManager.cpp-L5390)     Description:CamCtrl Display Thread Start, ThreadId[1660940800]     Solution:
Info    2019-07-01 12:56:25  DevID:MV-CA016-10UC(00D27551311)  Source-Line:libMvCameraControl.so(CInterfaceManager.cpp-L1717)     Description:[MV_CC_StartGrabbing] return[0x0]     Solution:
Info    2019-07-01 14:58:48  DevID:MV-CA016-10UC(00D27551311)  Source-Line:libMvCameraControl.so(CInterfaceManager.cpp-L0810)     Description:Current dynamic library path[/opt/MVS/lib/aarch64/libMvCameraControl.so]     Solution:
Info    2019-07-01 14:58:48  DevID:MV-CA016-10UC(00D27551311)  Source-Line:libMvCameraControl.so(CInterfaceManager.cpp-L0814)     Description:[MV_CC_CreateHandle] return[0x0]     Solution:
Info    2019-07-01 14:58:48  DevID:MV-CA016-10UC(00D27551311)  Source-Line:libMvCameraControl.so(CInterfaceManager.cpp-L5906)     Description:CamCtrl[0x3000006], U3V SDKVersion[0x3000006], DriverVersion[0x0]     Solution:
Info    2019-07-01 14:58:49  DevID:MV-CA016-10UC(00D27551311)  Source-Line:libMvCameraControl.so(CInterfaceManager.cpp-L3992)     Description:[MV_CC_InvalidateNodes] return[0x0]     Solution:
Info    2019-07-01 14:58:49  DevID:MV-CA016-10UC(00D27551311)  Source-Line:libMvCameraControl.so(CInterfaceManager.cpp-L1088)     Description:[MV_CC_OpenDevice] nPrivilegeMode[1], nSwitchoverKey[0], return[0x0]     Solution:
Info    2019-07-01 14:58:49  DevID:MV-CA016-10UC(00D27551311)  Source-Line:libMvCameraControl.so(CInterfaceManager.cpp-L1623)     Description:U3V, DeviceModelName[MV-CA016-10UC], DeviceFirmwareVersion[V1.4.8 181031,18053001], DeviceMaxThroughput[47185920]     Solution:
Info    2019-07-01 14:58:49  DevID:MV-CA016-10UC(00D27551311)  Source-Line:libMvCameraControl.so(CInterfaceManager.cpp-L1628)     Description:U3V, Width[1440], Height[1080], OffsetX[0], OffsetY[0], PixelFormat[0x2180014], AcquisitionMode[2]     Solution:
Info    2019-07-01 14:58:49  DevID:MV-CA016-10UC(00D27551311)  Source-Line:libMvCameraControl.so(CInterfaceManager.cpp-L1633)     Description:U3V, TriggerMode[0], ResultingFrameRate[10.11], ExposureTime[10000.00], ExposureAuto[0], PayloadSize[4665600]     Solution:
Info    2019-07-01 14:58:49  DevID:MV-CA016-10UC(00D27551311)  Source-Line:libMvCameraControl.so(CInterfaceManager.cpp-L5564)     Description:CamCtrl RecvThread Start, ThreadId[939520512]     Solution:
Info    2019-07-01 14:58:49  DevID:MV-CA016-10UC(00D27551311)  Source-Line:libMvCameraControl.so(CInterfaceManager.cpp-L1712)     Description:There is no registration callback     Solution:
Info    2019-07-01 14:58:49  DevID:MV-CA016-10UC(00D27551311)  Source-Line:libMvCameraControl.so(CInterfaceManager.cpp-L5390)     Description:CamCtrl Display Thread Start, ThreadId[931131904]     Solution:
Info    2019-07-01 14:58:49  DevID:MV-CA016-10UC(00D27551311)  Source-Line:libMvCameraControl.so(CInterfaceManager.cpp-L1717)     Description:[MV_CC_StartGrabbing] return[0x0]     Solution:
Info    2019-07-01 14:59:57  DevID:MV-CA016-10UC(00D27551311)  Source-Line:libMvCameraControl.so(CInterfaceManager.cpp-L0810)     Description:Current dynamic library path[/opt/MVS/lib/aarch64/libMvCameraControl.so]     Solution:
Info    2019-07-01 14:59:57  DevID:MV-CA016-10UC(00D27551311)  Source-Line:libMvCameraControl.so(CInterfaceManager.cpp-L0814)     Description:[MV_CC_CreateHandle] return[0x0]     Solution:
Info    2019-07-01 14:59:57  DevID:MV-CA016-10UC(00D27551311)  Source-Line:libMvCameraControl.so(CInterfaceManager.cpp-L5906)     Description:CamCtrl[0x3000006], U3V SDKVersion[0x3000006], DriverVersion[0x0]     Solution:
Info    2019-07-01 15:00:01  DevID:MV-CA016-10UC(00D27551311)  Source-Line:libMvCameraControl.so(CInterfaceManager.cpp-L3992)     Description:[MV_CC_InvalidateNodes] return[0x0]     Solution:
Info    2019-07-01 15:00:01  DevID:MV-CA016-10UC(00D27551311)  Source-Line:libMvCameraControl.so(CInterfaceManager.cpp-L1088)     Description:[MV_CC_OpenDevice] nPrivilegeMode[1], nSwitchoverKey[0], return[0x0]     Solution:
Info    2019-07-01 15:00:01  DevID:MV-CA016-10UC(00D27551311)  Source-Line:libMvCameraControl.so(CInterfaceManager.cpp-L1623)     Description:U3V, DeviceModelName[MV-CA016-10UC], DeviceFirmwareVersion[V1.4.8 181031,18053001], DeviceMaxThroughput[47185920]     Solution:
Info    2019-07-01 15:00:01  DevID:MV-CA016-10UC(00D27551311)  Source-Line:libMvCameraControl.so(CInterfaceManager.cpp-L1628)     Description:U3V, Width[1440], Height[1080], OffsetX[0], OffsetY[0], PixelFormat[0x2180014], AcquisitionMode[2]     Solution:
Info    2019-07-01 15:00:01  DevID:MV-CA016-10UC(00D27551311)  Source-Line:libMvCameraControl.so(CInterfaceManager.cpp-L1633)     Description:U3V, TriggerMode[0], ResultingFrameRate[10.11], ExposureTime[10000.00], ExposureAuto[0], PayloadSize[4665600]     Solution:
Info    2019-07-01 15:00:01  DevID:MV-CA016-10UC(00D27551311)  Source-Line:libMvCameraControl.so(CInterfaceManager.cpp-L5564)     Description:CamCtrl RecvThread Start, ThreadId[1140847104]     Solution:
Info    2019-07-01 15:00:01  DevID:MV-CA016-10UC(00D27551311)  Source-Line:libMvCameraControl.so(CInterfaceManager.cpp-L1712)     Description:There is no registration callback     Solution:
Info    2019-07-01 15:00:01  DevID:MV-CA016-10UC(00D27551311)  Source-Line:libMvCameraControl.so(CInterfaceManager.cpp-L5390)     Description:CamCtrl Display Thread Start, ThreadId[1132458496]     Solution:
Info    2019-07-01 15:00:01  DevID:MV-CA016-10UC(00D27551311)  Source-Line:libMvCameraControl.so(CInterfaceManager.cpp-L1717)     Description:[MV_CC_StartGrabbing] return[0x0]     Solution:
Info    2019-07-01 15:01:27  DevID:MV-CA016-10UC(00D27551311)  Source-Line:libMvCameraControl.so(CInterfaceManager.cpp-L0810)     Description:Current dynamic library path[/opt/MVS/lib/aarch64/libMvCameraControl.so]     Solution:
Info    2019-07-01 15:01:27  DevID:MV-CA016-10UC(00D27551311)  Source-Line:libMvCameraControl.so(CInterfaceManager.cpp-L0814)     Description:[MV_CC_CreateHandle] return[0x0]     Solution:
Info    2019-07-01 15:01:27  DevID:MV-CA016-10UC(00D27551311)  Source-Line:libMvCameraControl.so(CInterfaceManager.cpp-L5906)     Description:CamCtrl[0x3000006], U3V SDKVersion[0x3000006], DriverVersion[0x0]     Solution:
Info    2019-07-01 15:01:30  DevID:MV-CA016-10UC(00D27551311)  Source-Line:libMvCameraControl.so(CInterfaceManager.cpp-L3992)     Description:[MV_CC_InvalidateNodes] return[0x0]     Solution:
Info    2019-07-01 15:01:30  DevID:MV-CA016-10UC(00D27551311)  Source-Line:libMvCameraControl.so(CInterfaceManager.cpp-L1088)     Description:[MV_CC_OpenDevice] nPrivilegeMode[1], nSwitchoverKey[0], return[0x0]     Solution:
Info    2019-07-01 15:01:30  DevID:MV-CA016-10UC(00D27551311)  Source-Line:libMvCameraControl.so(CInterfaceManager.cpp-L1623)     Description:U3V, DeviceModelName[MV-CA016-10UC], DeviceFirmwareVersion[V1.4.8 181031,18053001], DeviceMaxThroughput[47185920]     Solution:
Info    2019-07-01 15:01:30  DevID:MV-CA016-10UC(00D27551311)  Source-Line:libMvCameraControl.so(CInterfaceManager.cpp-L1628)     Description:U3V, Width[1440], Height[1080], OffsetX[0], OffsetY[0], PixelFormat[0x2180014], AcquisitionMode[2]     Solution:
Info    2019-07-01 15:01:30  DevID:MV-CA016-10UC(00D27551311)  Source-Line:libMvCameraControl.so(CInterfaceManager.cpp-L1633)     Description:U3V, TriggerMode[0], ResultingFrameRate[10.11], ExposureTime[10000.00], ExposureAuto[0], PayloadSize[4665600]     Solution:
Info    2019-07-01 15:01:30  DevID:MV-CA016-10UC(00D27551311)  Source-Line:libMvCameraControl.so(CInterfaceManager.cpp-L5564)     Description:CamCtrl RecvThread Start, ThreadId[2098967040]     Solution:
Info    2019-07-01 15:01:30  DevID:MV-CA016-10UC(00D27551311)  Source-Line:libMvCameraControl.so(CInterfaceManager.cpp-L1712)     Description:There is no registration callback     Solution:
Info    2019-07-01 15:01:30  DevID:MV-CA016-10UC(00D27551311)  Source-Line:libMvCameraControl.so(CInterfaceManager.cpp-L5390)     Description:CamCtrl Display Thread Start, ThreadId[2090578432]     Solution:
Info    2019-07-01 15:01:30  DevID:MV-CA016-10UC(00D27551311)  Source-Line:libMvCameraControl.so(CInterfaceManager.cpp-L1717)     Description:[MV_CC_StartGrabbing] return[0x0]     Solution:
Info    2019-07-01 15:01:31  DevID:MV-CA016-10UC(00D27551311)  Source-Line:libMvCameraControl.so(CInterfaceManager.cpp-L1801)     Description:[StopGrabbing] return[0x0]     Solution:
Info    2019-07-01 15:01:32  DevID:MV-CA016-10UC(00D27551311)  Source-Line:libMvCameraControl.so(CInterfaceManager.cpp-L5547)     Description:Display process exit     Solution:
Info    2019-07-01 15:01:32  DevID:MV-CA016-10UC(00D27551311)  Source-Line:libMvCameraControl.so(CInterfaceManager.cpp-L5739)     Description:RecvThread Process Exit     Solution:
Info    2019-07-01 15:01:32  DevID:MV-CA016-10UC(00D27551311)  Source-Line:libMvCameraControl.so(CInterfaceManager.cpp-L1169)     Description:[CloseDevice] return[0x0]     Solution:
Info    2019-07-01 15:01:32  DevID:MV-CA016-10UC(00D27551311)  Source-Line:libMvCameraControl.so(CInterfaceManager.cpp-L0830)     Description:[MV_CC_DestroyHandle] return[0x0]     Solution:
Info    2019-07-01 15:01:46  DevID:MV-CA016-10UC(00D27551311)  Source-Line:libMvCameraControl.so(CInterfaceManager.cpp-L0810)     Description:Current dynamic library path[/opt/MVS/lib/aarch64/libMvCameraControl.so]     Solution:
Info    2019-07-01 15:01:46  DevID:MV-CA016-10UC(00D27551311)  Source-Line:libMvCameraControl.so(CInterfaceManager.cpp-L0814)     Description:[MV_CC_CreateHandle] return[0x0]     Solution:
Info    2019-07-01 15:01:46  DevID:MV-CA016-10UC(00D27551311)  Source-Line:libMvCameraControl.so(CInterfaceManager.cpp-L5906)     Description:CamCtrl[0x3000006], U3V SDKVersion[0x3000006], DriverVersion[0x0]     Solution:
Info    2019-07-01 15:01:47  DevID:MV-CA016-10UC(00D27551311)  Source-Line:libMvCameraControl.so(CInterfaceManager.cpp-L3992)     Description:[MV_CC_InvalidateNodes] return[0x0]     Solution:
Info    2019-07-01 15:01:47  DevID:MV-CA016-10UC(00D27551311)  Source-Line:libMvCameraControl.so(CInterfaceManager.cpp-L1088)     Description:[MV_CC_OpenDevice] nPrivilegeMode[1], nSwitchoverKey[0], return[0x0]     Solution:
Info    2019-07-01 15:01:47  DevID:MV-CA016-10UC(00D27551311)  Source-Line:libMvCameraControl.so(CInterfaceManager.cpp-L1623)     Description:U3V, DeviceModelName[MV-CA016-10UC], DeviceFirmwareVersion[V1.4.8 181031,18053001], DeviceMaxThroughput[47185920]     Solution:
Info    2019-07-01 15:01:47  DevID:MV-CA016-10UC(00D27551311)  Source-Line:libMvCameraControl.so(CInterfaceManager.cpp-L1628)     Description:U3V, Width[1440], Height[1080], OffsetX[0], OffsetY[0], PixelFormat[0x2180014], AcquisitionMode[2]     Solution:
Info    2019-07-01 15:01:47  DevID:MV-CA016-10UC(00D27551311)  Source-Line:libMvCameraControl.so(CInterfaceManager.cpp-L1633)     Description:U3V, TriggerMode[0], ResultingFrameRate[10.11], ExposureTime[10000.00], ExposureAuto[0], PayloadSize[4665600]     Solution:
Info    2019-07-01 15:01:47  DevID:MV-CA016-10UC(00D27551311)  Source-Line:libMvCameraControl.so(CInterfaceManager.cpp-L5564)     Description:CamCtrl RecvThread Start, ThreadId[-2115264000]     Solution:
Info    2019-07-01 15:01:47  DevID:MV-CA016-10UC(00D27551311)  Source-Line:libMvCameraControl.so(CInterfaceManager.cpp-L1712)     Description:There is no registration callback     Solution:
Info    2019-07-01 15:01:47  DevID:MV-CA016-10UC(00D27551311)  Source-Line:libMvCameraControl.so(CInterfaceManager.cpp-L5390)     Description:CamCtrl Display Thread Start, ThreadId[-2123652608]     Solution:
Info    2019-07-01 15:01:47  DevID:MV-CA016-10UC(00D27551311)  Source-Line:libMvCameraControl.so(CInterfaceManager.cpp-L1717)     Description:[MV_CC_StartGrabbing] return[0x0]     Solution:
Info    2019-07-01 15:01:48  DevID:MV-CA016-10UC(00D27551311)  Source-Line:libMvCameraControl.so(CInterfaceManager.cpp-L1801)     Description:[StopGrabbing] return[0x0]     Solution:
Info    2019-07-01 15:01:48  DevID:MV-CA016-10UC(00D27551311)  Source-Line:libMvCameraControl.so(CInterfaceManager.cpp-L5547)     Description:Display process exit     Solution:
Info    2019-07-01 15:01:48  DevID:MV-CA016-10UC(00D27551311)  Source-Line:libMvCameraControl.so(CInterfaceManager.cpp-L5739)     Description:RecvThread Process Exit     Solution:
Info    2019-07-01 15:01:49  DevID:MV-CA016-10UC(00D27551311)  Source-Line:libMvCameraControl.so(CInterfaceManager.cpp-L1169)     Description:[CloseDevice] return[0x0]     Solution:
Info    2019-07-01 15:01:49  DevID:MV-CA016-10UC(00D27551311)  Source-Line:libMvCameraControl.so(CInterfaceManager.cpp-L0830)     Description:[MV_CC_DestroyHandle] return[0x0]     Solution:
Info    2019-07-01 15:01:55  DevID:MV-CA016-10UC(00D27551311)  Source-Line:libMvCameraControl.so(CInterfaceManager.cpp-L0810)     Description:Current dynamic library path[/opt/MVS/lib/aarch64/libMvCameraControl.so]     Solution:
Info    2019-07-01 15:01:55  DevID:MV-CA016-10UC(00D27551311)  Source-Line:libMvCameraControl.so(CInterfaceManager.cpp-L0814)     Description:[MV_CC_CreateHandle] return[0x0]     Solution:
Info    2019-07-01 15:01:55  DevID:MV-CA016-10UC(00D27551311)  Source-Line:libMvCameraControl.so(CInterfaceManager.cpp-L5906)     Description:CamCtrl[0x3000006], U3V SDKVersion[0x3000006], DriverVersion[0x0]     Solution:
Info    2019-07-01 15:01:56  DevID:MV-CA016-10UC(00D27551311)  Source-Line:libMvCameraControl.so(CInterfaceManager.cpp-L3992)     Description:[MV_CC_InvalidateNodes] return[0x0]     Solution:
Info    2019-07-01 15:01:56  DevID:MV-CA016-10UC(00D27551311)  Source-Line:libMvCameraControl.so(CInterfaceManager.cpp-L1088)     Description:[MV_CC_OpenDevice] nPrivilegeMode[1], nSwitchoverKey[0], return[0x0]     Solution:
Info    2019-07-01 15:01:56  DevID:MV-CA016-10UC(00D27551311)  Source-Line:libMvCameraControl.so(CInterfaceManager.cpp-L1623)     Description:U3V, DeviceModelName[MV-CA016-10UC], DeviceFirmwareVersion[V1.4.8 181031,18053001], DeviceMaxThroughput[47185920]     Solution:
Info    2019-07-01 15:01:56  DevID:MV-CA016-10UC(00D27551311)  Source-Line:libMvCameraControl.so(CInterfaceManager.cpp-L1628)     Description:U3V, Width[1440], Height[1080], OffsetX[0], OffsetY[0], PixelFormat[0x2180014], AcquisitionMode[2]     Solution:
Info    2019-07-01 15:01:56  DevID:MV-CA016-10UC(00D27551311)  Source-Line:libMvCameraControl.so(CInterfaceManager.cpp-L1633)     Description:U3V, TriggerMode[0], ResultingFrameRate[10.11], ExposureTime[10000.00], ExposureAuto[0], PayloadSize[4665600]     Solution:
Info    2019-07-01 15:01:56  DevID:MV-CA016-10UC(00D27551311)  Source-Line:libMvCameraControl.so(CInterfaceManager.cpp-L5564)     Description:CamCtrl RecvThread Start, ThreadId[1602220544]     Solution:
Info    2019-07-01 15:01:56  DevID:MV-CA016-10UC(00D27551311)  Source-Line:libMvCameraControl.so(CInterfaceManager.cpp-L1712)     Description:There is no registration callback     Solution:
Info    2019-07-01 15:01:56  DevID:MV-CA016-10UC(00D27551311)  Source-Line:libMvCameraControl.so(CInterfaceManager.cpp-L5390)     Description:CamCtrl Display Thread Start, ThreadId[1593831936]     Solution:
Info    2019-07-01 15:01:56  DevID:MV-CA016-10UC(00D27551311)  Source-Line:libMvCameraControl.so(CInterfaceManager.cpp-L1717)     Description:[MV_CC_StartGrabbing] return[0x0]     Solution:
Info    2019-07-01 15:01:57  DevID:MV-CA016-10UC(00D27551311)  Source-Line:libMvCameraControl.so(CInterfaceManager.cpp-L1801)     Description:[StopGrabbing] return[0x0]     Solution:
Info    2019-07-01 15:01:57  DevID:MV-CA016-10UC(00D27551311)  Source-Line:libMvCameraControl.so(CInterfaceManager.cpp-L5547)     Description:Display process exit     Solution:
Info    2019-07-01 15:01:57  DevID:MV-CA016-10UC(00D27551311)  Source-Line:libMvCameraControl.so(CInterfaceManager.cpp-L5739)     Description:RecvThread Process Exit     Solution:
Info    2019-07-01 15:01:58  DevID:MV-CA016-10UC(00D27551311)  Source-Line:libMvCameraControl.so(CInterfaceManager.cpp-L1169)     Description:[CloseDevice] return[0x0]     Solution:
Info    2019-07-01 15:01:58  DevID:MV-CA016-10UC(00D27551311)  Source-Line:libMvCameraControl.so(CInterfaceManager.cpp-L0830)     Description:[MV_CC_DestroyHandle] return[0x0]     Solution:
Info    2019-07-01 15:02:28  DevID:MV-CA016-10UC(00D27551311)  Source-Line:libMvCameraControl.so(CInterfaceManager.cpp-L0810)     Description:Current dynamic library path[/opt/MVS/lib/aarch64/libMvCameraControl.so]     Solution:
Info    2019-07-01 15:02:28  DevID:MV-CA016-10UC(00D27551311)  Source-Line:libMvCameraControl.so(CInterfaceManager.cpp-L0814)     Description:[MV_CC_CreateHandle] return[0x0]     Solution:
Info    2019-07-01 15:02:28  DevID:MV-CA016-10UC(00D27551311)  Source-Line:libMvCameraControl.so(CInterfaceManager.cpp-L5906)     Description:CamCtrl[0x3000006], U3V SDKVersion[0x3000006], DriverVersion[0x0]     Solution:
Info    2019-07-01 15:02:29  DevID:MV-CA016-10UC(00D27551311)  Source-Line:libMvCameraControl.so(CInterfaceManager.cpp-L3992)     Description:[MV_CC_InvalidateNodes] return[0x0]     Solution:
Info    2019-07-01 15:02:29  DevID:MV-CA016-10UC(00D27551311)  Source-Line:libMvCameraControl.so(CInterfaceManager.cpp-L1088)     Description:[MV_CC_OpenDevice] nPrivilegeMode[1], nSwitchoverKey[0], return[0x0]     Solution:
Info    2019-07-01 15:02:29  DevID:MV-CA016-10UC(00D27551311)  Source-Line:libMvCameraControl.so(CInterfaceManager.cpp-L1623)     Description:U3V, DeviceModelName[MV-CA016-10UC], DeviceFirmwareVersion[V1.4.8 181031,18053001], DeviceMaxThroughput[47185920]     Solution:
Info    2019-07-01 15:02:29  DevID:MV-CA016-10UC(00D27551311)  Source-Line:libMvCameraControl.so(CInterfaceManager.cpp-L1628)     Description:U3V, Width[1440], Height[1080], OffsetX[0], OffsetY[0], PixelFormat[0x2180014], AcquisitionMode[2]     Solution:
Info    2019-07-01 15:02:29  DevID:MV-CA016-10UC(00D27551311)  Source-Line:libMvCameraControl.so(CInterfaceManager.cpp-L1633)     Description:U3V, TriggerMode[0], ResultingFrameRate[10.11], ExposureTime[10000.00], ExposureAuto[0], PayloadSize[4665600]     Solution:
Info    2019-07-01 15:02:29  DevID:MV-CA016-10UC(00D27551311)  Source-Line:libMvCameraControl.so(CInterfaceManager.cpp-L5564)     Description:CamCtrl RecvThread Start, ThreadId[-2128891392]     Solution:
Info    2019-07-01 15:02:29  DevID:MV-CA016-10UC(00D27551311)  Source-Line:libMvCameraControl.so(CInterfaceManager.cpp-L1712)     Description:There is no registration callback     Solution:
Info    2019-07-01 15:02:29  DevID:MV-CA016-10UC(00D27551311)  Source-Line:libMvCameraControl.so(CInterfaceManager.cpp-L5390)     Description:CamCtrl Display Thread Start, ThreadId[-2137280000]     Solution:
Info    2019-07-01 15:02:29  DevID:MV-CA016-10UC(00D27551311)  Source-Line:libMvCameraControl.so(CInterfaceManager.cpp-L1717)     Description:[MV_CC_StartGrabbing] return[0x0]     Solution:
Info    2019-07-01 15:02:48  DevID:MV-CA016-10UC(00D27551311)  Source-Line:libMvCameraControl.so(CInterfaceManager.cpp-L1801)     Description:[StopGrabbing] return[0x0]     Solution:
Info    2019-07-01 15:02:48  DevID:MV-CA016-10UC(00D27551311)  Source-Line:libMvCameraControl.so(CInterfaceManager.cpp-L5547)     Description:Display process exit     Solution:
Info    2019-07-01 15:02:48  DevID:MV-CA016-10UC(00D27551311)  Source-Line:libMvCameraControl.so(CInterfaceManager.cpp-L5739)     Description:RecvThread Process Exit     Solution:
Info    2019-07-01 15:02:49  DevID:MV-CA016-10UC(00D27551311)  Source-Line:libMvCameraControl.so(CInterfaceManager.cpp-L1169)     Description:[CloseDevice] return[0x0]     Solution:
Info    2019-07-01 15:02:49  DevID:MV-CA016-10UC(00D27551311)  Source-Line:libMvCameraControl.so(CInterfaceManager.cpp-L0830)     Description:[MV_CC_DestroyHandle] return[0x0]     Solution:
Info    2019-07-01 15:03:27  DevID:MV-CA016-10UC(00D27551311)  Source-Line:libMvCameraControl.so(CInterfaceManager.cpp-L0810)     Description:Current dynamic library path[/opt/MVS/lib/aarch64/libMvCameraControl.so]     Solution:
Info    2019-07-01 15:03:27  DevID:MV-CA016-10UC(00D27551311)  Source-Line:libMvCameraControl.so(CInterfaceManager.cpp-L0814)     Description:[MV_CC_CreateHandle] return[0x0]     Solution:
Info    2019-07-01 15:03:27  DevID:MV-CA016-10UC(00D27551311)  Source-Line:libMvCameraControl.so(CInterfaceManager.cpp-L5906)     Description:CamCtrl[0x3000006], U3V SDKVersion[0x3000006], DriverVersion[0x0]     Solution:
Info    2019-07-01 15:03:27  DevID:MV-CA016-10UC(00D27551311)  Source-Line:libMvCameraControl.so(CInterfaceManager.cpp-L3992)     Description:[MV_CC_InvalidateNodes] return[0x0]     Solution:
Info    2019-07-01 15:03:27  DevID:MV-CA016-10UC(00D27551311)  Source-Line:libMvCameraControl.so(CInterfaceManager.cpp-L1088)     Description:[MV_CC_OpenDevice] nPrivilegeMode[1], nSwitchoverKey[0], return[0x0]     Solution:
Info    2019-07-01 15:03:27  DevID:MV-CA016-10UC(00D27551311)  Source-Line:libMvCameraControl.so(CInterfaceManager.cpp-L1623)     Description:U3V, DeviceModelName[MV-CA016-10UC], DeviceFirmwareVersion[V1.4.8 181031,18053001], DeviceMaxThroughput[47185920]     Solution:
Info    2019-07-01 15:03:27  DevID:MV-CA016-10UC(00D27551311)  Source-Line:libMvCameraControl.so(CInterfaceManager.cpp-L1628)     Description:U3V, Width[1440], Height[1080], OffsetX[0], OffsetY[0], PixelFormat[0x2180014], AcquisitionMode[2]     Solution:
Info    2019-07-01 15:03:27  DevID:MV-CA016-10UC(00D27551311)  Source-Line:libMvCameraControl.so(CInterfaceManager.cpp-L1633)     Description:U3V, TriggerMode[0], ResultingFrameRate[10.11], ExposureTime[10000.00], ExposureAuto[0], PayloadSize[4665600]     Solution:
Info    2019-07-01 15:03:27  DevID:MV-CA016-10UC(00D27551311)  Source-Line:libMvCameraControl.so(CInterfaceManager.cpp-L5564)     Description:CamCtrl RecvThread Start, ThreadId[-1954549248]     Solution:
Info    2019-07-01 15:03:27  DevID:MV-CA016-10UC(00D27551311)  Source-Line:libMvCameraControl.so(CInterfaceManager.cpp-L1712)     Description:There is no registration callback     Solution:
Info    2019-07-01 15:03:27  DevID:MV-CA016-10UC(00D27551311)  Source-Line:libMvCameraControl.so(CInterfaceManager.cpp-L5390)     Description:CamCtrl Display Thread Start, ThreadId[-1962937856]     Solution:
Info    2019-07-01 15:03:27  DevID:MV-CA016-10UC(00D27551311)  Source-Line:libMvCameraControl.so(CInterfaceManager.cpp-L1717)     Description:[MV_CC_StartGrabbing] return[0x0]     Solution:
Info    2019-07-01 15:03:36  DevID:MV-CA016-10UC(00D27551311)  Source-Line:libMvCameraControl.so(CInterfaceManager.cpp-L1801)     Description:[StopGrabbing] return[0x0]     Solution:
Info    2019-07-01 15:03:36  DevID:MV-CA016-10UC(00D27551311)  Source-Line:libMvCameraControl.so(CInterfaceManager.cpp-L5739)     Description:RecvThread Process Exit     Solution:
Info    2019-07-01 15:03:36  DevID:MV-CA016-10UC(00D27551311)  Source-Line:libMvCameraControl.so(CInterfaceManager.cpp-L5547)     Description:Display process exit     Solution:
Info    2019-07-01 15:03:37  DevID:MV-CA016-10UC(00D27551311)  Source-Line:libMvCameraControl.so(CInterfaceManager.cpp-L1169)     Description:[CloseDevice] return[0x0]     Solution:
Info    2019-07-01 15:03:37  DevID:MV-CA016-10UC(00D27551311)  Source-Line:libMvCameraControl.so(CInterfaceManager.cpp-L0830)     Description:[MV_CC_DestroyHandle] return[0x0]     Solution:
Info    2019-07-01 15:11:28  DevID:MV-CA016-10UC(00D27551311)  Source-Line:libMvCameraControl.so(CInterfaceManager.cpp-L0810)     Description:Current dynamic library path[/opt/MVS/lib/aarch64/libMvCameraControl.so]     Solution:
Info    2019-07-01 15:11:28  DevID:MV-CA016-10UC(00D27551311)  Source-Line:libMvCameraControl.so(CInterfaceManager.cpp-L0814)     Description:[MV_CC_CreateHandle] return[0x0]     Solution:
Info    2019-07-01 15:11:28  DevID:MV-CA016-10UC(00D27551311)  Source-Line:libMvCameraControl.so(CInterfaceManager.cpp-L5906)     Description:CamCtrl[0x3000006], U3V SDKVersion[0x3000006], DriverVersion[0x0]     Solution:
Info    2019-07-01 15:11:31  DevID:MV-CA016-10UC(00D27551311)  Source-Line:libMvCameraControl.so(CInterfaceManager.cpp-L3992)     Description:[MV_CC_InvalidateNodes] return[0x0]     Solution:
Info    2019-07-01 15:11:31  DevID:MV-CA016-10UC(00D27551311)  Source-Line:libMvCameraControl.so(CInterfaceManager.cpp-L1088)     Description:[MV_CC_OpenDevice] nPrivilegeMode[1], nSwitchoverKey[0], return[0x0]     Solution:
Info    2019-07-01 15:11:31  DevID:MV-CA016-10UC(00D27551311)  Source-Line:libMvCameraControl.so(CInterfaceManager.cpp-L1623)     Description:U3V, DeviceModelName[MV-CA016-10UC], DeviceFirmwareVersion[V1.4.8 181031,18053001], DeviceMaxThroughput[47185920]     Solution:
Info    2019-07-01 15:11:31  DevID:MV-CA016-10UC(00D27551311)  Source-Line:libMvCameraControl.so(CInterfaceManager.cpp-L1628)     Description:U3V, Width[1440], Height[1080], OffsetX[0], OffsetY[0], PixelFormat[0x2180014], AcquisitionMode[2]     Solution:
Info    2019-07-01 15:11:31  DevID:MV-CA016-10UC(00D27551311)  Source-Line:libMvCameraControl.so(CInterfaceManager.cpp-L1633)     Description:U3V, TriggerMode[0], ResultingFrameRate[10.11], ExposureTime[10000.00], ExposureAuto[0], PayloadSize[4665600]     Solution:
Info    2019-07-01 15:11:31  DevID:MV-CA016-10UC(00D27551311)  Source-Line:libMvCameraControl.so(CInterfaceManager.cpp-L5564)     Description:CamCtrl RecvThread Start, ThreadId[-1529114112]     Solution:
Info    2019-07-01 15:11:31  DevID:MV-CA016-10UC(00D27551311)  Source-Line:libMvCameraControl.so(CInterfaceManager.cpp-L1712)     Description:There is no registration callback     Solution:
Info    2019-07-01 15:11:31  DevID:MV-CA016-10UC(00D27551311)  Source-Line:libMvCameraControl.so(CInterfaceManager.cpp-L5390)     Description:CamCtrl Display Thread Start, ThreadId[-1744834048]     Solution:
Info    2019-07-01 15:11:31  DevID:MV-CA016-10UC(00D27551311)  Source-Line:libMvCameraControl.so(CInterfaceManager.cpp-L1717)     Description:[MV_CC_StartGrabbing] return[0x0]     Solution:
Info    2019-07-01 15:11:32  DevID:MV-CA016-10UC(00D27551311)  Source-Line:libMvCameraControl.so(CInterfaceManager.cpp-L1801)     Description:[StopGrabbing] return[0x0]     Solution:
Info    2019-07-01 15:11:32  DevID:MV-CA016-10UC(00D27551311)  Source-Line:libMvCameraControl.so(CInterfaceManager.cpp-L5739)     Description:RecvThread Process Exit     Solution:
Info    2019-07-01 15:11:32  DevID:MV-CA016-10UC(00D27551311)  Source-Line:libMvCameraControl.so(CInterfaceManager.cpp-L5547)     Description:Display process exit     Solution:
Info    2019-07-01 15:11:33  DevID:MV-CA016-10UC(00D27551311)  Source-Line:libMvCameraControl.so(CInterfaceManager.cpp-L1169)     Description:[CloseDevice] return[0x0]     Solution:
Info    2019-07-01 15:11:33  DevID:MV-CA016-10UC(00D27551311)  Source-Line:libMvCameraControl.so(CInterfaceManager.cpp-L0830)     Description:[MV_CC_DestroyHandle] return[0x0]     Solution:
Info    2019-07-01 15:11:49  DevID:MV-CA016-10UC(00D27551311)  Source-Line:libMvCameraControl.so(CInterfaceManager.cpp-L0810)     Description:Current dynamic library path[/opt/MVS/lib/aarch64/libMvCameraControl.so]     Solution:
Info    2019-07-01 15:11:49  DevID:MV-CA016-10UC(00D27551311)  Source-Line:libMvCameraControl.so(CInterfaceManager.cpp-L0814)     Description:[MV_CC_CreateHandle] return[0x0]     Solution:
Info    2019-07-01 15:11:49  DevID:MV-CA016-10UC(00D27551311)  Source-Line:libMvCameraControl.so(CInterfaceManager.cpp-L5906)     Description:CamCtrl[0x3000006], U3V SDKVersion[0x3000006], DriverVersion[0x0]     Solution:
Info    2019-07-01 15:11:49  DevID:MV-CA016-10UC(00D27551311)  Source-Line:libMvCameraControl.so(CInterfaceManager.cpp-L3992)     Description:[MV_CC_InvalidateNodes] return[0x0]     Solution:
Info    2019-07-01 15:11:49  DevID:MV-CA016-10UC(00D27551311)  Source-Line:libMvCameraControl.so(CInterfaceManager.cpp-L1088)     Description:[MV_CC_OpenDevice] nPrivilegeMode[1], nSwitchoverKey[0], return[0x0]     Solution:
Info    2019-07-01 15:11:49  DevID:MV-CA016-10UC(00D27551311)  Source-Line:libMvCameraControl.so(CInterfaceManager.cpp-L1623)     Description:U3V, DeviceModelName[MV-CA016-10UC], DeviceFirmwareVersion[V1.4.8 181031,18053001], DeviceMaxThroughput[47185920]     Solution:
Info    2019-07-01 15:11:49  DevID:MV-CA016-10UC(00D27551311)  Source-Line:libMvCameraControl.so(CInterfaceManager.cpp-L1628)     Description:U3V, Width[1440], Height[1080], OffsetX[0], OffsetY[0], PixelFormat[0x2180014], AcquisitionMode[2]     Solution:
Info    2019-07-01 15:11:49  DevID:MV-CA016-10UC(00D27551311)  Source-Line:libMvCameraControl.so(CInterfaceManager.cpp-L1633)     Description:U3V, TriggerMode[0], ResultingFrameRate[10.11], ExposureTime[10000.00], ExposureAuto[0], PayloadSize[4665600]     Solution:
Info    2019-07-01 15:11:49  DevID:MV-CA016-10UC(00D27551311)  Source-Line:libMvCameraControl.so(CInterfaceManager.cpp-L5564)     Description:CamCtrl RecvThread Start, ThreadId[1602220544]     Solution:
Info    2019-07-01 15:11:49  DevID:MV-CA016-10UC(00D27551311)  Source-Line:libMvCameraControl.so(CInterfaceManager.cpp-L1712)     Description:There is no registration callback     Solution:
Info    2019-07-01 15:11:49  DevID:MV-CA016-10UC(00D27551311)  Source-Line:libMvCameraControl.so(CInterfaceManager.cpp-L5390)     Description:CamCtrl Display Thread Start, ThreadId[1593831936]     Solution:
Info    2019-07-01 15:11:49  DevID:MV-CA016-10UC(00D27551311)  Source-Line:libMvCameraControl.so(CInterfaceManager.cpp-L1717)     Description:[MV_CC_StartGrabbing] return[0x0]     Solution:
Info    2019-07-01 15:12:04  DevID:MV-CA016-10UC(00D27551311)  Source-Line:libMvCameraControl.so(CInterfaceManager.cpp-L1801)     Description:[StopGrabbing] return[0x0]     Solution:
Info    2019-07-01 15:12:04  DevID:MV-CA016-10UC(00D27551311)  Source-Line:libMvCameraControl.so(CInterfaceManager.cpp-L5739)     Description:RecvThread Process Exit     Solution:
Info    2019-07-01 15:12:04  DevID:MV-CA016-10UC(00D27551311)  Source-Line:libMvCameraControl.so(CInterfaceManager.cpp-L5547)     Description:Display process exit     Solution:
Info    2019-07-01 15:12:04  DevID:MV-CA016-10UC(00D27551311)  Source-Line:libMvCameraControl.so(CInterfaceManager.cpp-L1169)     Description:[CloseDevice] return[0x0]     Solution:
Info    2019-07-01 15:12:04  DevID:MV-CA016-10UC(00D27551311)  Source-Line:libMvCameraControl.so(CInterfaceManager.cpp-L0830)     Description:[MV_CC_DestroyHandle] return[0x0]     Solution:
Info    2019-07-01 15:16:56  DevID:MV-CA016-10UC(00D27551311)  Source-Line:libMvCameraControl.so(CInterfaceManager.cpp-L0810)     Description:Current dynamic library path[/opt/MVS/lib/aarch64/libMvCameraControl.so]     Solution:
Info    2019-07-01 15:16:56  DevID:MV-CA016-10UC(00D27551311)  Source-Line:libMvCameraControl.so(CInterfaceManager.cpp-L0814)     Description:[MV_CC_CreateHandle] return[0x0]     Solution:
Info    2019-07-01 15:16:56  DevID:MV-CA016-10UC(00D27551311)  Source-Line:libMvCameraControl.so(CInterfaceManager.cpp-L5906)     Description:CamCtrl[0x3000006], U3V SDKVersion[0x3000006], DriverVersion[0x0]     Solution:
Info    2019-07-01 15:16:57  DevID:MV-CA016-10UC(00D27551311)  Source-Line:libMvCameraControl.so(CInterfaceManager.cpp-L3992)     Description:[MV_CC_InvalidateNodes] return[0x0]     Solution:
Info    2019-07-01 15:16:57  DevID:MV-CA016-10UC(00D27551311)  Source-Line:libMvCameraControl.so(CInterfaceManager.cpp-L1088)     Description:[MV_CC_OpenDevice] nPrivilegeMode[1], nSwitchoverKey[0], return[0x0]     Solution:
Info    2019-07-01 15:16:57  DevID:MV-CA016-10UC(00D27551311)  Source-Line:libMvCameraControl.so(CInterfaceManager.cpp-L1623)     Description:U3V, DeviceModelName[MV-CA016-10UC], DeviceFirmwareVersion[V1.4.8 181031,18053001], DeviceMaxThroughput[47185920]     Solution:
Info    2019-07-01 15:16:57  DevID:MV-CA016-10UC(00D27551311)  Source-Line:libMvCameraControl.so(CInterfaceManager.cpp-L1628)     Description:U3V, Width[1440], Height[1080], OffsetX[0], OffsetY[0], PixelFormat[0x2180014], AcquisitionMode[2]     Solution:
Info    2019-07-01 15:16:57  DevID:MV-CA016-10UC(00D27551311)  Source-Line:libMvCameraControl.so(CInterfaceManager.cpp-L1633)     Description:U3V, TriggerMode[0], ResultingFrameRate[10.11], ExposureTime[10000.00], ExposureAuto[0], PayloadSize[4665600]     Solution:
Info    2019-07-01 15:16:57  DevID:MV-CA016-10UC(00D27551311)  Source-Line:libMvCameraControl.so(CInterfaceManager.cpp-L5564)     Description:CamCtrl RecvThread Start, ThreadId[1892098560]     Solution:
Info    2019-07-01 15:16:57  DevID:MV-CA016-10UC(00D27551311)  Source-Line:libMvCameraControl.so(CInterfaceManager.cpp-L1712)     Description:There is no registration callback     Solution:
Info    2019-07-01 15:16:57  DevID:MV-CA016-10UC(00D27551311)  Source-Line:libMvCameraControl.so(CInterfaceManager.cpp-L5390)     Description:CamCtrl Display Thread Start, ThreadId[1677718016]     Solution:
Info    2019-07-01 15:16:57  DevID:MV-CA016-10UC(00D27551311)  Source-Line:libMvCameraControl.so(CInterfaceManager.cpp-L1717)     Description:[MV_CC_StartGrabbing] return[0x0]     Solution:
Info    2019-07-01 15:17:06  DevID:MV-CA016-10UC(00D27551311)  Source-Line:libMvCameraControl.so(CInterfaceManager.cpp-L1801)     Description:[StopGrabbing] return[0x0]     Solution:
Info    2019-07-01 15:17:06  DevID:MV-CA016-10UC(00D27551311)  Source-Line:libMvCameraControl.so(CInterfaceManager.cpp-L5547)     Description:Display process exit     Solution:
Info    2019-07-01 15:17:06  DevID:MV-CA016-10UC(00D27551311)  Source-Line:libMvCameraControl.so(CInterfaceManager.cpp-L5739)     Description:RecvThread Process Exit     Solution:
Info    2019-07-01 15:17:06  DevID:MV-CA016-10UC(00D27551311)  Source-Line:libMvCameraControl.so(CInterfaceManager.cpp-L1169)     Description:[CloseDevice] return[0x0]     Solution:
Info    2019-07-01 15:17:06  DevID:MV-CA016-10UC(00D27551311)  Source-Line:libMvCameraControl.so(CInterfaceManager.cpp-L0830)     Description:[MV_CC_DestroyHandle] return[0x0]     Solution:
Info    2019-07-01 15:20:10  DevID:MV-CA016-10UC(00D27551311)  Source-Line:libMvCameraControl.so(CInterfaceManager.cpp-L0810)     Description:Current dynamic library path[/opt/MVS/lib/aarch64/libMvCameraControl.so]     Solution:
Info    2019-07-01 15:20:10  DevID:MV-CA016-10UC(00D27551311)  Source-Line:libMvCameraControl.so(CInterfaceManager.cpp-L0814)     Description:[MV_CC_CreateHandle] return[0x0]     Solution:
Info    2019-07-01 15:20:10  DevID:MV-CA016-10UC(00D27551311)  Source-Line:libMvCameraControl.so(CInterfaceManager.cpp-L5906)     Description:CamCtrl[0x3000006], U3V SDKVersion[0x3000006], DriverVersion[0x0]     Solution:
Info    2019-07-01 15:20:11  DevID:MV-CA016-10UC(00D27551311)  Source-Line:libMvCameraControl.so(CInterfaceManager.cpp-L3992)     Description:[MV_CC_InvalidateNodes] return[0x0]     Solution:
Info    2019-07-01 15:20:11  DevID:MV-CA016-10UC(00D27551311)  Source-Line:libMvCameraControl.so(CInterfaceManager.cpp-L1088)     Description:[MV_CC_OpenDevice] nPrivilegeMode[1], nSwitchoverKey[0], return[0x0]     Solution:
Info    2019-07-01 15:20:11  DevID:MV-CA016-10UC(00D27551311)  Source-Line:libMvCameraControl.so(CInterfaceManager.cpp-L1623)     Description:U3V, DeviceModelName[MV-CA016-10UC], DeviceFirmwareVersion[V1.4.8 181031,18053001], DeviceMaxThroughput[387500000]     Solution:
Info    2019-07-01 15:20:11  DevID:MV-CA016-10UC(00D27551311)  Source-Line:libMvCameraControl.so(CInterfaceManager.cpp-L1628)     Description:U3V, Width[1440], Height[1080], OffsetX[0], OffsetY[0], PixelFormat[0x2180014], AcquisitionMode[2]     Solution:
Info    2019-07-01 15:20:11  DevID:MV-CA016-10UC(00D27551311)  Source-Line:libMvCameraControl.so(CInterfaceManager.cpp-L1633)     Description:U3V, TriggerMode[0], ResultingFrameRate[70.40], ExposureTime[10000.00], ExposureAuto[0], PayloadSize[4665600]     Solution:
Info    2019-07-01 15:20:11  DevID:MV-CA016-10UC(00D27551311)  Source-Line:libMvCameraControl.so(CInterfaceManager.cpp-L5564)     Description:CamCtrl RecvThread Start, ThreadId[2004873728]     Solution:
Info    2019-07-01 15:20:11  DevID:MV-CA016-10UC(00D27551311)  Source-Line:libMvCameraControl.so(CInterfaceManager.cpp-L1712)     Description:There is no registration callback     Solution:
Info    2019-07-01 15:20:11  DevID:MV-CA016-10UC(00D27551311)  Source-Line:libMvCameraControl.so(CInterfaceManager.cpp-L5390)     Description:CamCtrl Display Thread Start, ThreadId[1996485120]     Solution:
Info    2019-07-01 15:20:11  DevID:MV-CA016-10UC(00D27551311)  Source-Line:libMvCameraControl.so(CInterfaceManager.cpp-L1717)     Description:[MV_CC_StartGrabbing] return[0x0]     Solution:
Info    2019-07-01 15:20:22  DevID:MV-CA016-10UC(00D27551311)  Source-Line:libMvCameraControl.so(CInterfaceManager.cpp-L1801)     Description:[StopGrabbing] return[0x0]     Solution:
Info    2019-07-01 15:20:22  DevID:MV-CA016-10UC(00D27551311)  Source-Line:libMvCameraControl.so(CInterfaceManager.cpp-L5739)     Description:RecvThread Process Exit     Solution:
Info    2019-07-01 15:20:22  DevID:MV-CA016-10UC(00D27551311)  Source-Line:libMvCameraControl.so(CInterfaceManager.cpp-L5547)     Description:Display process exit     Solution:
Info    2019-07-01 15:20:23  DevID:MV-CA016-10UC(00D27551311)  Source-Line:libMvCameraControl.so(CInterfaceManager.cpp-L1169)     Description:[CloseDevice] return[0x0]     Solution:
Info    2019-07-01 15:20:23  DevID:MV-CA016-10UC(00D27551311)  Source-Line:libMvCameraControl.so(CInterfaceManager.cpp-L0830)     Description:[MV_CC_DestroyHandle] return[0x0]     Solution:
Info    2019-07-01 15:23:04  DevID:MV-CA016-10UC(00D27551311)  Source-Line:libMvCameraControl.so(CInterfaceManager.cpp-L0810)     Description:Current dynamic library path[/opt/MVS/lib/aarch64/libMvCameraControl.so]     Solution:
Info    2019-07-01 15:23:04  DevID:MV-CA016-10UC(00D27551311)  Source-Line:libMvCameraControl.so(CInterfaceManager.cpp-L0814)     Description:[MV_CC_CreateHandle] return[0x0]     Solution:
Info    2019-07-01 15:23:04  DevID:MV-CA016-10UC(00D27551311)  Source-Line:libMvCameraControl.so(CInterfaceManager.cpp-L5906)     Description:CamCtrl[0x3000006], U3V SDKVersion[0x3000006], DriverVersion[0x0]     Solution:
Info    2019-07-01 15:23:04  DevID:MV-CA016-10UC(00D27551311)  Source-Line:libMvCameraControl.so(CInterfaceManager.cpp-L3992)     Description:[MV_CC_InvalidateNodes] return[0x0]     Solution:
Info    2019-07-01 15:23:04  DevID:MV-CA016-10UC(00D27551311)  Source-Line:libMvCameraControl.so(CInterfaceManager.cpp-L1088)     Description:[MV_CC_OpenDevice] nPrivilegeMode[1], nSwitchoverKey[0], return[0x0]     Solution:
Info    2019-07-01 15:23:04  DevID:MV-CA016-10UC(00D27551311)  Source-Line:libMvCameraControl.so(CInterfaceManager.cpp-L1623)     Description:U3V, DeviceModelName[MV-CA016-10UC], DeviceFirmwareVersion[V1.4.8 181031,18053001], DeviceMaxThroughput[387500000]     Solution:
Info    2019-07-01 15:23:04  DevID:MV-CA016-10UC(00D27551311)  Source-Line:libMvCameraControl.so(CInterfaceManager.cpp-L1628)     Description:U3V, Width[1440], Height[1080], OffsetX[0], OffsetY[0], PixelFormat[0x2180014], AcquisitionMode[2]     Solution:
Info    2019-07-01 15:23:04  DevID:MV-CA016-10UC(00D27551311)  Source-Line:libMvCameraControl.so(CInterfaceManager.cpp-L1633)     Description:U3V, TriggerMode[0], ResultingFrameRate[70.40], ExposureTime[10000.00], ExposureAuto[0], PayloadSize[4665600]     Solution:
Info    2019-07-01 15:23:04  DevID:MV-CA016-10UC(00D27551311)  Source-Line:libMvCameraControl.so(CInterfaceManager.cpp-L5564)     Description:CamCtrl RecvThread Start, ThreadId[984232448]     Solution:
Info    2019-07-01 15:23:04  DevID:MV-CA016-10UC(00D27551311)  Source-Line:libMvCameraControl.so(CInterfaceManager.cpp-L1712)     Description:There is no registration callback     Solution:
Info    2019-07-01 15:23:04  DevID:MV-CA016-10UC(00D27551311)  Source-Line:libMvCameraControl.so(CInterfaceManager.cpp-L5390)     Description:CamCtrl Display Thread Start, ThreadId[975843840]     Solution:
Info    2019-07-01 15:23:04  DevID:MV-CA016-10UC(00D27551311)  Source-Line:libMvCameraControl.so(CInterfaceManager.cpp-L1717)     Description:[MV_CC_StartGrabbing] return[0x0]     Solution:
Info    2019-07-01 15:25:19  DevID:MV-CA016-10UC(00D27551311)  Source-Line:libMvCameraControl.so(CInterfaceManager.cpp-L0810)     Description:Current dynamic library path[/opt/MVS/lib/aarch64/libMvCameraControl.so]     Solution:
Info    2019-07-01 15:25:19  DevID:MV-CA016-10UC(00D27551311)  Source-Line:libMvCameraControl.so(CInterfaceManager.cpp-L0814)     Description:[MV_CC_CreateHandle] return[0x0]     Solution:
Info    2019-07-01 15:25:19  DevID:MV-CA016-10UC(00D27551311)  Source-Line:libMvCameraControl.so(CInterfaceManager.cpp-L5906)     Description:CamCtrl[0x3000006], U3V SDKVersion[0x3000006], DriverVersion[0x0]     Solution:
Info    2019-07-01 15:25:21  DevID:MV-CA016-10UC(00D27551311)  Source-Line:libMvCameraControl.so(CInterfaceManager.cpp-L3992)     Description:[MV_CC_InvalidateNodes] return[0x0]     Solution:
Info    2019-07-01 15:25:21  DevID:MV-CA016-10UC(00D27551311)  Source-Line:libMvCameraControl.so(CInterfaceManager.cpp-L1088)     Description:[MV_CC_OpenDevice] nPrivilegeMode[1], nSwitchoverKey[0], return[0x0]     Solution:
Info    2019-07-01 15:25:21  DevID:MV-CA016-10UC(00D27551311)  Source-Line:libMvCameraControl.so(CInterfaceManager.cpp-L1623)     Description:U3V, DeviceModelName[MV-CA016-10UC], DeviceFirmwareVersion[V1.4.8 181031,18053001], DeviceMaxThroughput[387500000]     Solution:
Info    2019-07-01 15:25:21  DevID:MV-CA016-10UC(00D27551311)  Source-Line:libMvCameraControl.so(CInterfaceManager.cpp-L1628)     Description:U3V, Width[1440], Height[1080], OffsetX[0], OffsetY[0], PixelFormat[0x2180014], AcquisitionMode[2]     Solution:
Info    2019-07-01 15:25:21  DevID:MV-CA016-10UC(00D27551311)  Source-Line:libMvCameraControl.so(CInterfaceManager.cpp-L1633)     Description:U3V, TriggerMode[0], ResultingFrameRate[70.40], ExposureTime[10000.00], ExposureAuto[0], PayloadSize[4665600]     Solution:
Info    2019-07-01 15:25:21  DevID:MV-CA016-10UC(00D27551311)  Source-Line:libMvCameraControl.so(CInterfaceManager.cpp-L5564)     Description:CamCtrl RecvThread Start, ThreadId[1396224512]     Solution:
Info    2019-07-01 15:25:21  DevID:MV-CA016-10UC(00D27551311)  Source-Line:libMvCameraControl.so(CInterfaceManager.cpp-L1712)     Description:There is no registration callback     Solution:
Info    2019-07-01 15:25:21  DevID:MV-CA016-10UC(00D27551311)  Source-Line:libMvCameraControl.so(CInterfaceManager.cpp-L5390)     Description:CamCtrl Display Thread Start, ThreadId[1387835904]     Solution:
Info    2019-07-01 15:25:21  DevID:MV-CA016-10UC(00D27551311)  Source-Line:libMvCameraControl.so(CInterfaceManager.cpp-L1717)     Description:[MV_CC_StartGrabbing] return[0x0]     Solution:
Info    2019-07-01 16:08:51  DevID:MV-CA016-10UC(00D27551311)  Source-Line:libMvCameraControl.so(CInterfaceManager.cpp-L0810)     Description:Current dynamic library path[/opt/MVS/lib/aarch64/libMvCameraControl.so]     Solution:
Info    2019-07-01 16:08:51  DevID:MV-CA016-10UC(00D27551311)  Source-Line:libMvCameraControl.so(CInterfaceManager.cpp-L0814)     Description:[MV_CC_CreateHandle] return[0x0]     Solution:
Info    2019-07-01 16:08:51  DevID:MV-CA016-10UC(00D27551311)  Source-Line:libMvCameraControl.so(CInterfaceManager.cpp-L5906)     Description:CamCtrl[0x3000006], U3V SDKVersion[0x3000006], DriverVersion[0x0]     Solution:
Info    2019-07-01 16:08:53  DevID:MV-CA016-10UC(00D27551311)  Source-Line:libMvCameraControl.so(CInterfaceManager.cpp-L3992)     Description:[MV_CC_InvalidateNodes] return[0x0]     Solution:
Info    2019-07-01 16:08:53  DevID:MV-CA016-10UC(00D27551311)  Source-Line:libMvCameraControl.so(CInterfaceManager.cpp-L1088)     Description:[MV_CC_OpenDevice] nPrivilegeMode[1], nSwitchoverKey[0], return[0x0]     Solution:
Info    2019-07-01 16:08:53  DevID:MV-CA016-10UC(00D27551311)  Source-Line:libMvCameraControl.so(CInterfaceManager.cpp-L1623)     Description:U3V, DeviceModelName[MV-CA016-10UC], DeviceFirmwareVersion[V1.4.8 181031,18053001], DeviceMaxThroughput[387500000]     Solution:
Info    2019-07-01 16:08:53  DevID:MV-CA016-10UC(00D27551311)  Source-Line:libMvCameraControl.so(CInterfaceManager.cpp-L1628)     Description:U3V, Width[1440], Height[1080], OffsetX[0], OffsetY[0], PixelFormat[0x2180014], AcquisitionMode[2]     Solution:
Info    2019-07-01 16:08:53  DevID:MV-CA016-10UC(00D27551311)  Source-Line:libMvCameraControl.so(CInterfaceManager.cpp-L1633)     Description:U3V, TriggerMode[0], ResultingFrameRate[70.40], ExposureTime[10000.00], ExposureAuto[0], PayloadSize[4665600]     Solution:
Info    2019-07-01 16:08:53  DevID:MV-CA016-10UC(00D27551311)  Source-Line:libMvCameraControl.so(CInterfaceManager.cpp-L5564)     Description:CamCtrl RecvThread Start, ThreadId[1709941248]     Solution:
Info    2019-07-01 16:08:53  DevID:MV-CA016-10UC(00D27551311)  Source-Line:libMvCameraControl.so(CInterfaceManager.cpp-L1712)     Description:There is no registration callback     Solution:
Info    2019-07-01 16:08:53  DevID:MV-CA016-10UC(00D27551311)  Source-Line:libMvCameraControl.so(CInterfaceManager.cpp-L5390)     Description:CamCtrl Display Thread Start, ThreadId[1701552640]     Solution:
Info    2019-07-01 16:08:53  DevID:MV-CA016-10UC(00D27551311)  Source-Line:libMvCameraControl.so(CInterfaceManager.cpp-L1717)     Description:[MV_CC_StartGrabbing] return[0x0]     Solution:
Info    2019-07-01 16:11:21  DevID:MV-CA016-10UC(00D27551311)  Source-Line:libMvCameraControl.so(CInterfaceManager.cpp-L0810)     Description:Current dynamic library path[/opt/MVS/lib/aarch64/libMvCameraControl.so]     Solution:
Info    2019-07-01 16:11:21  DevID:MV-CA016-10UC(00D27551311)  Source-Line:libMvCameraControl.so(CInterfaceManager.cpp-L0814)     Description:[MV_CC_CreateHandle] return[0x0]     Solution:
Info    2019-07-01 16:11:21  DevID:MV-CA016-10UC(00D27551311)  Source-Line:libMvCameraControl.so(CInterfaceManager.cpp-L5906)     Description:CamCtrl[0x3000006], U3V SDKVersion[0x3000006], DriverVersion[0x0]     Solution:
Info    2019-07-01 16:11:23  DevID:MV-CA016-10UC(00D27551311)  Source-Line:libMvCameraControl.so(CInterfaceManager.cpp-L3992)     Description:[MV_CC_InvalidateNodes] return[0x0]     Solution:
Info    2019-07-01 16:11:23  DevID:MV-CA016-10UC(00D27551311)  Source-Line:libMvCameraControl.so(CInterfaceManager.cpp-L1088)     Description:[MV_CC_OpenDevice] nPrivilegeMode[1], nSwitchoverKey[0], return[0x0]     Solution:
Info    2019-07-01 16:11:23  DevID:MV-CA016-10UC(00D27551311)  Source-Line:libMvCameraControl.so(CInterfaceManager.cpp-L1623)     Description:U3V, DeviceModelName[MV-CA016-10UC], DeviceFirmwareVersion[V1.4.8 181031,18053001], DeviceMaxThroughput[387500000]     Solution:
Info    2019-07-01 16:11:23  DevID:MV-CA016-10UC(00D27551311)  Source-Line:libMvCameraControl.so(CInterfaceManager.cpp-L1628)     Description:U3V, Width[1440], Height[1080], OffsetX[0], OffsetY[0], PixelFormat[0x2180014], AcquisitionMode[2]     Solution:
Info    2019-07-01 16:11:23  DevID:MV-CA016-10UC(00D27551311)  Source-Line:libMvCameraControl.so(CInterfaceManager.cpp-L1633)     Description:U3V, TriggerMode[0], ResultingFrameRate[70.40], ExposureTime[10000.00], ExposureAuto[0], PayloadSize[4665600]     Solution:
Info    2019-07-01 16:11:23  DevID:MV-CA016-10UC(00D27551311)  Source-Line:libMvCameraControl.so(CInterfaceManager.cpp-L5564)     Description:CamCtrl RecvThread Start, ThreadId[1342173696]     Solution:
Info    2019-07-01 16:11:23  DevID:MV-CA016-10UC(00D27551311)  Source-Line:libMvCameraControl.so(CInterfaceManager.cpp-L1712)     Description:There is no registration callback     Solution:
Info    2019-07-01 16:11:23  DevID:MV-CA016-10UC(00D27551311)  Source-Line:libMvCameraControl.so(CInterfaceManager.cpp-L5390)     Description:CamCtrl Display Thread Start, ThreadId[1333785088]     Solution:
Info    2019-07-01 16:11:23  DevID:MV-CA016-10UC(00D27551311)  Source-Line:libMvCameraControl.so(CInterfaceManager.cpp-L1717)     Description:[MV_CC_StartGrabbing] return[0x0]     Solution:
